		Time			Cycle	PC		Insn	Decoded instruction	Register and memory contents
         130000	         5	80000000	f14022f3	csrrs	x5,mhartid,x0	  x0:0x00000000  x5=0xffffff14
         150000	         6	80000004	00000313	addi	x6,x0,0	  x0:0x00000000  x6=0x00000000
         170000	         7	80000008	00628263	beq	x5,x6,8000000c	  x5:0x00000000  x6:0x00000000
         190000	         8	8000000c	00000f17	auipc	x30,0x0	 x30=0x8000000c
         210000	         9	80000010	00cf0f13	addi	x30,x30,12	 x30:0x00000000 x30=0x80000018
         230000	        10	80000014	000f0067	jalr	x0,x30,0	 x30:0x00000000
         330000	        15	80000018	40000637	lui	x12,0x40000	 x12=0x40000000
         350000	        16	8000001c	10060613	addi	x12,x12,256	 x12:0x00000000 x12=0x40000100
         370000	        17	80000020	30161073	csrrw	x0,misa,x12	 x12:0x00000000
         390000	        18	80000024	0005a697	auipc	x13,0x5a	 x13=0x8005a024
         410000	        19	80000028	cc068693	addi	x13,x13,-832	 x13:0x00000000 x13=0x80059ce4
         430000	        20	8000002c	00014617	auipc	x12,0x14	 x12=0x8001402c
         450000	        21	80000030	82460613	addi	x12,x12,-2012	 x12:0x40000100 x12=0x80013850
         470000	        22	80000034	00166613	ori	x12,x12,1	 x12:0x40000100 x12=0x80013851
         490000	        23	80000038	30561073	csrrw	x0,mtvec,x12	 x12:0x8001402c
         510000	        24	8000003c	00000617	auipc	x12,0x0	 x12=0x8000003c
         530000	        25	80000040	02860613	addi	x12,x12,40	 x12:0x80013851 x12=0x80000064
         550000	        26	80000044	34161073	csrrw	x0,mepc,x12	 x12:0x80013851
         570000	        27	80000048	00000013	addi	x0,x0,0	  x0:0x00000000
         590000	        28	8000004c	00002637	lui	x12,0x2	 x12=0x00002000
         610000	        29	80000050	80060613	addi	x12,x12,-2048	 x12:0x80000064 x12=0x00001800
         630000	        30	80000054	30061073	csrrw	x0,mstatus,x12	 x12:0x80000064
         650000	        31	80000058	00000613	addi	x12,x0,0	  x0:0x00000000 x12=0x00000000
         670000	        32	8000005c	30461073	csrrw	x0,mie,x12	 x12:0x00001800
         690000	        33	80000060	30200073	mret	
         710000	        34	80000064	9b465037	lui	x0,0x9b465	
         730000	        35	80000068	b1900013	addi	x0,x0,-1255	  x0:0x00000000
         750000	        36	8000006c	539750b7	lui	x1,0x53975	  x1=0x53975000
         770000	        37	80000070	61e08093	addi	x1,x1,1566	  x1:0x00000000  x1=0x5397561e
         790000	        38	80000074	00e00113	addi	x2,x0,14	  x0:0x00000000  x2=0x0000000e
         810000	        39	80000078	800001b7	lui	x3,0x80000	  x3=0x80000000
         830000	        40	8000007c	00a00213	addi	x4,x0,10	  x0:0x00000000  x4=0x0000000a
         850000	        41	80000080	f61242b7	lui	x5,0xf6124	  x5=0xf6124000
         870000	        42	80000084	72f28293	addi	x5,x5,1839	  x5:0xffffff14  x5=0xf612472f
         890000	        43	80000088	00e00313	addi	x6,x0,14	  x0:0x00000000  x6=0x0000000e
         910000	        44	8000008c	800003b7	lui	x7,0x80000	  x7=0x80000000
         930000	        45	80000090	4d790437	lui	x8,0x4d790	  x8=0x4d790000
         950000	        46	80000094	b8e40413	addi	x8,x8,-1138	  x8:0x00000000  x8=0x4d78fb8e
         970000	        47	80000098	800004b7	lui	x9,0x80000	  x9=0x80000000
         990000	        48	8000009c	00000513	addi	x10,x0,0	  x0:0x00000000 x10=0x00000000
        1010000	        49	800000a0	29c375b7	lui	x11,0x29c37	 x11=0x29c37000
        1030000	        50	800000a4	a2a58593	addi	x11,x11,-1494	 x11:0x00000000 x11=0x29c36a2a
        1050000	        51	800000a8	7f6cd637	lui	x12,0x7f6cd	 x12=0x7f6cd000
        1070000	        52	800000ac	ea060613	addi	x12,x12,-352	 x12:0x00000000 x12=0x7f6ccea0
        1090000	        53	800000b0	e7a99737	lui	x14,0xe7a99	 x14=0xe7a99000
        1110000	        54	800000b4	20070713	addi	x14,x14,512	 x14:0x00000000 x14=0xe7a99200
        1130000	        55	800000b8	f4c287b7	lui	x15,0xf4c28	 x15=0xf4c28000
        1150000	        56	800000bc	50b78793	addi	x15,x15,1291	 x15:0x00000000 x15=0xf4c2850b
        1170000	        57	800000c0	00100813	addi	x16,x0,1	  x0:0x00000000 x16=0x00000001
        1190000	        58	800000c4	800008b7	lui	x17,0x80000	 x17=0x80000000
        1210000	        59	800000c8	00300913	addi	x18,x0,3	  x0:0x00000000 x18=0x00000003
        1230000	        60	800000cc	00500993	addi	x19,x0,5	  x0:0x00000000 x19=0x00000005
        1250000	        61	800000d0	80000a37	lui	x20,0x80000	 x20=0x80000000
        1270000	        62	800000d4	10554ab7	lui	x21,0x10554	 x21=0x10554000
        1290000	        63	800000d8	9daa8a93	addi	x21,x21,-1574	 x21:0x00000000 x21=0x105539da
        1310000	        64	800000dc	00300b13	addi	x22,x0,3	  x0:0x00000000 x22=0x00000003
        1330000	        65	800000e0	fccb0bb7	lui	x23,0xfccb0	 x23=0xfccb0000
        1350000	        66	800000e4	59fb8b93	addi	x23,x23,1439	 x23:0x00000000 x23=0xfccb059f
        1370000	        67	800000e8	00400c93	addi	x25,x0,4	  x0:0x00000000 x25=0x00000004
        1390000	        68	800000ec	00f00d13	addi	x26,x0,15	  x0:0x00000000 x26=0x0000000f
        1410000	        69	800000f0	f1b1cdb7	lui	x27,0xf1b1c	 x27=0xf1b1c000
        1430000	        70	800000f4	8a2d8d93	addi	x27,x27,-1886	 x27:0x00000000 x27=0xf1b1b8a2
        1450000	        71	800000f8	00000e13	addi	x28,x0,0	  x0:0x00000000 x28=0x00000000
        1470000	        72	800000fc	14b27eb7	lui	x29,0x14b27	 x29=0x14b27000
        1490000	        73	80000100	890e8e93	addi	x29,x29,-1904	 x29:0x00000000 x29=0x14b26890
        1510000	        74	80000104	65d53f37	lui	x30,0x65d53	 x30=0x65d53000
        1530000	        75	80000108	494f0f13	addi	x30,x30,1172	 x30:0x80000018 x30=0x65d53494
        1550000	        76	8000010c	00a00f93	addi	x31,x0,10	  x0:0x00000000 x31=0x0000000a
        1570000	        77	80000110	00056c17	auipc	x24,0x56	 x24=0x80056110
        1590000	        78	80000114	d54c0c13	addi	x24,x24,-684	 x24:0x00000000 x24=0x80055e64
        1610000	        79	80000118	00040117	auipc	x2,0x40	  x2=0x80040118
        1630000	        80	8000011c	53110113	addi	x2,x2,1329	  x2:0x0000000e  x2=0x80040649
        1650000	        81	80000120	00541413	slli	x8,x8,0x5	  x8:0x4d78fb8e  x8=0xaf1f71c0
        1670000	        82	80000124	00000013	addi	x0,x0,0	  x0:0x00000000
        1710000	        84	80000128	18210383	lb	x7,386(x2)	  x2:0x80040649  x7=0x00000000 PA:0xxxxxxxxx
        1730000	        85	8000012c	626a8a13	addi	x20,x21,1574	 x21:0x105539da x20=0x10554000
        1750000	        86	80000130	a9310223	sb	x19,-1404(x2)	  x2:0x80040649 x19:0x00000005 PA:0xxxxxxxxx
        1790000	        88	80000134	00ad5b93	srli	x23,x26,0xa	 x26:0x0000000f x23=0x00000000
        1810000	        89	80000138	3ef10923	sb	x15,1010(x2)	  x2:0x80040649 x15:0xf4c2850b PA:0xxxxxxxxx
        1870000	        92	8000013c	57614883	lbu	x17,1398(x2)	  x2:0x80040649 x17=0x00000000 PA:0xxxxxxxxx
        1890000	        93	80000140	3d651817	auipc	x16,0x3d651	 x16=0xbd651140
        1910000	        94	80000144	f3d6f713	andi	x14,x13,-195	 x13:0x80059ce4 x14=0x80059c24
        1930000	        95	80000148	01ccb033	sltu	x0,x25,x28	 x25:0x00000004 x28:0x00000000
        1950000	        96	8000014c	2d910983	lb	x19,729(x2)	  x2:0x80040649 x19=0x00000000 PA:0xxxxxxxxx
        1970000	        97	80000150	00000013	addi	x0,x0,0	  x0:0x00000000
        2010000	        99	80000154	17b10b03	lb	x22,379(x2)	  x2:0x80040649 x22=0x00000000 PA:0xxxxxxxxx
        2030000	       100	80000158	0042d3b3	srl	x7,x5,x4	  x5:0xf612472f  x4:0x0000000a  x7=0x003d8491
        2070000	       102	8000015c	ba110e03	lb	x28,-1119(x2)	  x2:0x80040649 x28=0x003d8491 PA:0xxxxxxxxx
        2110000	       104	80000160	22810b03	lb	x22,552(x2)	  x2:0x80040649 x22=0x00000000 PA:0xxxxxxxxx
        2130000	       105	80000164	c7710503	lb	x10,-905(x2)	  x2:0x80040649 x10=0x00000000 PA:0xxxxxxxxx
        2150000	       106	80000168	76c11ca3	sh	x12,1913(x2)	  x2:0x80040649 x12:0x7f6ccea0 PA:0xxxxxxxxx
        2170000	       107	8000016c	b6911f83	lh	x31,-1175(x2)	  x2:0x80040649 x31=0x00000000 PA:0xxxxxxxxx
        2190000	       108	80000170	15d15d03	lhu	x26,349(x2)	  x2:0x80040649 x26=0x00000000 PA:0xxxxxxxxx
        2210000	       109	80000174	015e2bb3	slt	x23,x28,x21	 x28:0x00000000 x21:0x105539da x23=0x00000001
        2230000	       110	80000178	00ff70b3	and	x1,x30,x15	 x30:0x65d53494 x15:0xf4c2850b  x1=0x64c00400
        2250000	       111	8000017c	b4e112a3	sh	x14,-1211(x2)	  x2:0x80040649 x14:0x80059c24 PA:0xxxxxxxxx
        2270000	       112	80000180	09346493	ori	x9,x8,147	  x8:0xaf1f71c0  x9=0xaf1f71d3
        2290000	       113	80000184	5ddd8937	lui	x18,0x5ddd8	 x18=0x5ddd8000
        2310000	       114	80000188	7e5119a3	sh	x5,2035(x2)	  x2:0x80040649  x5:0xf612472f PA:0xxxxxxxxx
        2350000	       116	8000018c	0148f0b3	and	x1,x17,x20	 x17:0x00000000 x20:0x10554000  x1=0x00000000
        2370000	       117	80000190	016fa433	slt	x8,x31,x22	 x31:0x00000000 x22:0x00000000  x8=0x00000000
        2410000	       119	80000194	03e14583	lbu	x11,62(x2)	  x2:0x80040649 x11=0x00000000 PA:0xxxxxxxxx
        2430000	       120	80000198	b4e102a3	sb	x14,-1211(x2)	  x2:0x80040649 x14:0x80059c24 PA:0xxxxxxxxx
        2450000	       121	8000019c	10e116a3	sh	x14,269(x2)	  x2:0x80040649 x14:0x80059c24 PA:0xxxxxxxxx
        2470000	       122	800001a0	01469cb3	sll	x25,x13,x20	 x13:0x80059ce4 x20:0x10554000 x25=0x80059ce4
        2490000	       123	800001a4	1fd20b93	addi	x23,x4,509	  x4:0x0000000a x23=0x00000207
        2510000	       124	800001a8	d6511fa3	sh	x5,-641(x2)	  x2:0x80040649  x5:0xf612472f PA:0xxxxxxxxx
        2570000	       127	800001ac	16315083	lhu	x1,355(x2)	  x2:0x80040649  x1=0x00000000 PA:0xxxxxxxxx
        2590000	       128	800001b0	7b410003	lb	x0,1972(x2)	  x2:0x80040649 PA:0xxxxxxxxx
        2610000	       129	800001b4	c0c10983	lb	x19,-1012(x2)	  x2:0x80040649 x19=0x00000000 PA:0xxxxxxxxx
        2630000	       130	800001b8	01a19833	sll	x16,x3,x26	  x3:0x80000000 x26:0x00000000 x16=0x80000000
        2650000	       131	800001bc	f6412fa3	sw	x4,-129(x2)	  x2:0x80040649  x4:0x0000000a PA:0xxxxxxxxx
        2670000	       132	800001c0	00b04a33	xor	x20,x0,x11	  x0:0x00000000 x11:0x00000000 x20=0x00000000
        2690000	       133	800001c4	00000013	addi	x0,x0,0	  x0:0x00000000
        2710000	       134	800001c8	5ce118a3	sh	x14,1489(x2)	  x2:0x80040649 x14:0x80059c24 PA:0xxxxxxxxx
        2750000	       136	800001cc	01801b13	slli	x22,x0,0x18	  x0:0x00000000 x22=0x00000000
        2790000	       138	800001d0	26914403	lbu	x8,617(x2)	  x2:0x80040649  x8=0x00000000 PA:0xxxxxxxxx
        2810000	       139	800001d4	08110923	sb	x1,146(x2)	  x2:0x80040649  x1:0x00000000 PA:0xxxxxxxxx
        2830000	       140	800001d8	01391733	sll	x14,x18,x19	 x18:0x5ddd8000 x19:0x00000000 x14=0x5ddd8000
        2850000	       141	800001dc	04c57393	andi	x7,x10,76	 x10:0x00000000  x7=0x00000000
        2870000	       142	800001e0	018023b3	slt	x7,x0,x24	  x0:0x00000000 x24:0x80055e64  x7=0x00000000
        2910000	       144	800001e4	63b14483	lbu	x9,1595(x2)	  x2:0x80040649  x9=0x00000000 PA:0xxxxxxxxx
        2930000	       145	800001e8	d10112a3	sh	x16,-763(x2)	  x2:0x80040649 x16:0x80000000 PA:0xxxxxxxxx
        2950000	       146	800001ec	00040c97	auipc	x25,0x40	 x25=0x800401ec
        2970000	       147	800001f0	481c8c93	addi	x25,x25,1153	 x25:0x80059ce4 x25=0x8004066d
        2990000	       148	800001f4	00040b17	auipc	x22,0x40	 x22=0x800401f4
        3010000	       149	800001f8	1cdb0b13	addi	x22,x22,461	 x22:0x00000000 x22=0x800403c1
        3050000	       151	800001fc	61accb83	lbu	x23,1562(x25)	 x25:0x8004066d x23=0x00000000 PA:0xxxxxxxxx
        3070000	       152	80000200	f63b0b23	sb	x3,-138(x22)	 x22:0x800401f4  x3:0x80000000 PA:0xxxxxxxxx
        3090000	       153	80000204	f65b5383	lhu	x7,-155(x22)	 x22:0x800403c1  x7=0x00000000 PA:0xxxxxxxxx
        3110000	       154	80000208	1d2c8423	sb	x18,456(x25)	 x25:0x8004066d x18:0x5ddd8000 PA:0xxxxxxxxx
        3130000	       155	8000020c	303cc283	lbu	x5,771(x25)	 x25:0x8004066d  x5=0x00000000 PA:0xxxxxxxxx
        3150000	       156	80000210	086b4403	lbu	x8,134(x22)	 x22:0x800403c1  x8=0x00000000 PA:0xxxxxxxxx
        3170000	       157	80000214	feeb0ea3	sb	x14,-3(x22)	 x22:0x800403c1 x14:0x5ddd8000 PA:0xxxxxxxxx
        3190000	       158	80000218	0a8b4503	lbu	x10,168(x22)	 x22:0x800403c1 x10=0x00000000 PA:0xxxxxxxxx
        3210000	       159	8000021c	af4c83a3	sb	x20,-1305(x25)	 x25:0x8004066d x20:0x00000000 PA:0xxxxxxxxx
        3230000	       160	80000220	0e9b1da3	sh	x9,251(x22)	 x22:0x800403c1  x9:0x00000000 PA:0xxxxxxxxx
        3250000	       161	80000224	decc8f83	lb	x31,-532(x25)	 x25:0x8004066d x31=0x00000000 PA:0xxxxxxxxx
        3270000	       162	80000228	027b4983	lbu	x19,39(x22)	 x22:0x800403c1 x19=0x00000000 PA:0xxxxxxxxx
        3290000	       163	8000022c	b79c98a3	sh	x25,-1167(x25)	 x25:0x8004066d x25:0x8004066d PA:0xxxxxxxxx
        3310000	       164	80000230	044b13a3	sh	x4,71(x22)	 x22:0x800403c1  x4:0x0000000a PA:0xxxxxxxxx
        3330000	       165	80000234	061b1283	lh	x5,97(x22)	 x22:0x800403c1  x5=0x00000000 PA:0xxxxxxxxx
        3350000	       166	80000238	00041117	auipc	x2,0x41	  x2=0x80041238
        3370000	       167	8000023c	84810113	addi	x2,x2,-1976	  x2:0x80040649  x2=0x80040a80
        3390000	       168	80000240	fff14403	lbu	x8,-1(x2)	  x2:0x80040649  x8=0x00000000 PA:0xxxxxxxxx
        3410000	       169	80000244	27689217	auipc	x4,0x27689	  x4=0xa7689244
        3430000	       170	80000248	fe510b23	sb	x5,-10(x2)	  x2:0x80040a80  x5:0x00000000 PA:0xxxxxxxxx
        3450000	       171	8000024c	120ce517	auipc	x10,0x120ce	 x10=0x920ce24c
        3470000	       172	80000250	aa418913	addi	x18,x3,-1372	  x3:0x80000000 x18=0x7ffffaa4
        3510000	       174	80000254	00614383	lbu	x7,6(x2)	  x2:0x80040a80  x7=0x7ffffaa4 PA:0xxxxxxxxx
        3530000	       175	80000258	60072c93	slti	x25,x14,1536	 x14:0x5ddd8000 x25=0x00000000
        3550000	       176	8000025c	00079493	slli	x9,x15,0x0	 x15:0xf4c2850b  x9=0xf4c2850b
        3570000	       177	80000260	40b9dd33	sra	x26,x19,x11	 x19:0x00000000 x11:0x00000000 x26=0x00000000
        3590000	       178	80000264	01f6dcb3	srl	x25,x13,x31	 x13:0x80059ce4 x31:0x00000000 x25=0x80059ce4
        3630000	       180	80000268	00514e83	lbu	x29,5(x2)	  x2:0x80040a80 x29=0x00000000 PA:0xxxxxxxxx
        3650000	       181	8000026c	88abcb93	xori	x23,x23,-1910	 x23:0x00000000 x23=0xfffff88a
        3670000	       182	80000270	01c81033	sll	x0,x16,x28	 x16:0x80000000 x28:0x00000000
        3690000	       183	80000274	a7323f93	sltiu	x31,x4,-1421	  x4:0xa7689244 x31=0x00000001
        3710000	       184	80000278	015e9d33	sll	x26,x29,x21	 x29:0x00000000 x21:0x105539da x26=0x00000000
        3730000	       185	8000027c	ff914883	lbu	x17,-7(x2)	  x2:0x80040a80 x17=0x00000000 PA:0xxxxxxxxx
        3750000	       186	80000280	00510123	sb	x5,2(x2)	  x2:0x80040a80  x5:0x00000000 PA:0xxxxxxxxx
        3770000	       187	80000284	0057d293	srli	x5,x15,0x5	 x15:0xf4c2850b  x5=0x07a61428
        3790000	       188	80000288	011102a3	sb	x17,5(x2)	  x2:0x80040a80 x17:0x00000000 PA:0xxxxxxxxx
        3830000	       190	8000028c	00111523	sh	x1,10(x2)	  x2:0x80040a80  x1:0x00000000 PA:0xxxxxxxxx
        3850000	       191	80000290	90d4bb93	sltiu	x23,x9,-1779	  x9:0xf4c2850b x23=0x00000001
        3870000	       192	80000294	412158b3	sra	x17,x2,x18	  x2:0x80040a80 x18:0x7ffffaa4 x17=0xf80040a8
        3910000	       194	80000298	fff10083	lb	x1,-1(x2)	  x2:0x80040a80  x1=0xf80040a8 PA:0xxxxxxxxx
        3950000	       196	8000029c	00510403	lb	x8,5(x2)	  x2:0x80040a80  x8=0x00000000 PA:0xxxxxxxxx
        3970000	       197	800002a0	ffa14083	lbu	x1,-6(x2)	  x2:0x80040a80  x1=0x00000000 PA:0xxxxxxxxx
        3990000	       198	800002a4	fed11b23	sh	x13,-10(x2)	  x2:0x80040a80 x13:0x80059ce4 PA:0xxxxxxxxx
        4010000	       199	800002a8	01c107a3	sb	x28,15(x2)	  x2:0x80040a80 x28:0x00000000 PA:0xxxxxxxxx
        4030000	       200	800002ac	00d0d093	srli	x1,x1,0xd	  x1:0x00000000  x1=0x00000000
        4050000	       201	800002b0	00a10b83	lb	x23,10(x2)	  x2:0x80040a80 x23=0x00000000 PA:0xxxxxxxxx
        4090000	       203	800002b4	00011783	lh	x15,0(x2)	  x2:0x80040a80 x15=0x00000000 PA:0xxxxxxxxx
        4110000	       204	800002b8	00411403	lh	x8,4(x2)	  x2:0x80040a80  x8=0x00000000 PA:0xxxxxxxxx
        4130000	       205	800002bc	0117c1b3	xor	x3,x15,x17	 x15:0xf4c2850b x17:0xf80040a8  x3=0xf80040a8
        4150000	       206	800002c0	5d818b93	addi	x23,x3,1496	  x3:0x80000000 x23=0xf8004680
        4170000	       207	800002c4	00d10203	lb	x4,13(x2)	  x2:0x80040a80  x4=0xf8004680 PA:0xxxxxxxxx
        4190000	       208	800002c8	01f93433	sltu	x8,x18,x31	 x18:0x7ffffaa4 x31:0x00000001  x8=0x00000000
        4230000	       210	800002cc	fff14f83	lbu	x31,-1(x2)	  x2:0x80040a80 x31=0x00000000 PA:0xxxxxxxxx
        4250000	       211	800002d0	408d8b33	sub	x22,x27,x8	 x27:0xf1b1b8a2  x8:0x00000000 x22=0xf1b1b8a2
        4270000	       212	800002d4	40da0933	sub	x18,x20,x13	 x20:0x00000000 x13:0x80059ce4 x18=0x7ffa631c
        4310000	       214	800002d8	00c12583	lw	x11,12(x2)	  x2:0x80040a80 x11=0x7ffa631c PA:0xxxxxxxxx
        4350000	       216	800002dc	ff611083	lh	x1,-10(x2)	  x2:0x80040a80  x1=0xffff9ce4 PA:0xxxxxxxxx
        4370000	       217	800002e0	fe010aa3	sb	x0,-11(x2)	  x2:0x80040a80  x0:0x00000000 PA:0xxxxxxxxx
        4390000	       218	800002e4	00f10203	lb	x4,15(x2)	  x2:0x80040a80  x4=0x00000000 PA:0xxxxxxxxx
        4410000	       219	800002e8	0004ad17	auipc	x26,0x4a	 x26=0x8004a2e8
        4430000	       220	800002ec	713d0d13	addi	x26,x26,1811	 x26:0x00000000 x26=0x8004a9fb
        4450000	       221	800002f0	fefd1803	lh	x16,-17(x26)	 x26:0x00000000 x16=0x00000000 PA:0xxxxxxxxx
        4470000	       222	800002f4	fefd4e83	lbu	x29,-17(x26)	 x26:0x8004a2e8 x29=0x00000000 PA:0xxxxxxxxx
        4490000	       223	800002f8	fdfd0023	sb	x31,-64(x26)	 x26:0x8004a9fb x31:0x00000000 PA:0xxxxxxxxx
        4510000	       224	800002fc	fcbd0023	sb	x11,-64(x26)	 x26:0x8004a9fb x11:0x00000000 PA:0xxxxxxxxx
        4530000	       225	80000300	034d0603	lb	x12,52(x26)	 x26:0x8004a9fb x12=0x00000000 PA:0xxxxxxxxx
        4550000	       226	80000304	00f39933	sll	x18,x7,x15	  x7:0x00000000 x15:0x00000000 x18=0x00000000
        4570000	       227	80000308	034d4a03	lbu	x20,52(x26)	 x26:0x8004a9fb x20=0x00000000 PA:0xxxxxxxxx
        4610000	       229	8000030c	034d0303	lb	x6,52(x26)	 x26:0x8004a9fb  x6=0x00000000 PA:0xxxxxxxxx
        4630000	       230	80000310	005d5783	lhu	x15,5(x26)	 x26:0x8004a9fb x15=0x00000000 PA:0xxxxxxxxx
        4650000	       231	80000314	03dd1083	lh	x1,61(x26)	 x26:0x8004a9fb  x1=0x00000000 PA:0xxxxxxxxx
        4670000	       232	80000318	03dd0803	lb	x16,61(x26)	 x26:0x8004a9fb x16=0x00000000 PA:0xxxxxxxxx
        4690000	       233	8000031c	03dd0e03	lb	x28,61(x26)	 x26:0x8004a9fb x28=0x00000000 PA:0xxxxxxxxx
        4710000	       234	80000320	016d0c83	lb	x25,22(x26)	 x26:0x8004a9fb x25=0x00000000 PA:0xxxxxxxxx
        4730000	       235	80000324	013d0b23	sb	x19,22(x26)	 x26:0x8004a9fb x19:0x00000000 PA:0xxxxxxxxx
        4750000	       236	80000328	01ed4a03	lbu	x20,30(x26)	 x26:0x8004a9fb x20=0x00000000 PA:0xxxxxxxxx
        4770000	       237	8000032c	00043117	auipc	x2,0x43	  x2=0x8004332c
        4790000	       238	80000330	0c010113	addi	x2,x2,192	  x2:0x80040a80  x2=0x800433ec
        4810000	       239	80000334	0b811623	sh	x24,172(x2)	  x2:0x80040a80 x24:0x80055e64 PA:0xxxxxxxxx
        4830000	       240	80000338	04610ba3	sb	x6,87(x2)	  x2:0x8004332c  x6:0x00000000 PA:0xxxxxxxxx
        4850000	       241	8000033c	05b10003	lb	x0,91(x2)	  x2:0x800433ec PA:0xxxxxxxxx
        4870000	       242	80000340	04d10e83	lb	x29,77(x2)	  x2:0x800433ec x29=0x00000000 PA:0xxxxxxxxx
        4890000	       243	80000344	f0910803	lb	x16,-247(x2)	  x2:0x800433ec x16=0x00000000 PA:0xxxxxxxxx
        4910000	       244	80000348	01b955b3	srl	x11,x18,x27	 x18:0x00000000 x27:0xf1b1b8a2 x11=0x00000000
        4930000	       245	8000034c	60a6ab37	lui	x22,0x60a6a	 x22=0x60a6a000
        4950000	       246	80000350	00610803	lb	x16,6(x2)	  x2:0x800433ec x16=0x60a6a000 PA:0xxxxxxxxx
        4970000	       247	80000354	00000013	addi	x0,x0,0	  x0:0x00000000
        4990000	       248	80000358	40e25313	srai	x6,x4,0xe	  x4:0x00000000  x6=0x00000000
        5010000	       249	8000035c	019f6cb3	or	x25,x30,x25	 x30:0x65d53494 x25:0x00000000 x25=0x65d53494
        5050000	       251	80000360	fbc12583	lw	x11,-68(x2)	  x2:0x800433ec x11=0x65d53494 PA:0xxxxxxxxx
        5090000	       253	80000364	0b910b83	lb	x23,185(x2)	  x2:0x800433ec x23=0x00000000 PA:0xxxxxxxxx
        5110000	       254	80000368	01cd8a33	add	x20,x27,x28	 x27:0xf1b1b8a2 x28:0x00000000 x20=0xf1b1b8a2
        5130000	       255	8000036c	0e610523	sb	x6,234(x2)	  x2:0x800433ec  x6:0x00000000 PA:0xxxxxxxxx
        5150000	       256	80000370	00e82433	slt	x8,x16,x14	 x16:0x00000000 x14:0x5ddd8000  x8=0x00000001
        5190000	       258	80000374	01a11003	lh	x0,26(x2)	  x2:0x800433ec PA:0xxxxxxxxx
        5210000	       259	80000378	01283b33	sltu	x22,x16,x18	 x16:0x00000000 x18:0x00000000 x22=0x00000000
        5230000	       260	8000037c	41298e33	sub	x28,x19,x18	 x19:0x00000000 x18:0x00000000 x28=0x00000000
        5270000	       262	80000380	f0510003	lb	x0,-251(x2)	  x2:0x800433ec PA:0xxxxxxxxx
        5290000	       263	80000384	414ddeb3	sra	x29,x27,x20	 x27:0xf1b1b8a2 x20:0xf1b1b8a2 x29=0xfc6c6e28
        5310000	       264	80000388	faa12e23	sw	x10,-68(x2)	  x2:0x800433ec x10:0x920ce24c PA:0xxxxxxxxx
        5370000	       267	8000038c	03b10e03	lb	x28,59(x2)	  x2:0x800433ec x28=0x00000000 PA:0xxxxxxxxx
        5390000	       268	80000390	09810b03	lb	x22,152(x2)	  x2:0x800433ec x22=0x00000000 PA:0xxxxxxxxx
        5410000	       269	80000394	076101a3	sb	x22,99(x2)	  x2:0x800433ec x22:0x00000000 PA:0xxxxxxxxx
        5430000	       270	80000398	04c11e23	sh	x12,92(x2)	  x2:0x800433ec x12:0x00000000 PA:0xxxxxxxxx
        5450000	       271	8000039c	00ded233	srl	x4,x29,x13	 x29:0xfc6c6e28 x13:0x80059ce4  x4=0x0fc6c6e2
        5470000	       272	800003a0	01412203	lw	x4,20(x2)	  x2:0x800433ec  x4=0x0fc6c6e2 PA:0xxxxxxxxx
        5490000	       273	800003a4	0025bd33	sltu	x26,x11,x2	 x11:0x00000000  x2:0x800433ec x26=0x00000001
        5510000	       274	800003a8	00000013	addi	x0,x0,0	  x0:0x00000000
        5530000	       275	800003ac	8f388f93	addi	x31,x17,-1805	 x17:0xf80040a8 x31=0xf800399b
        5550000	       276	800003b0	009d5a33	srl	x20,x26,x9	 x26:0x00000001  x9:0xf4c2850b x20=0x00000000
        5570000	       277	800003b4	46772b13	slti	x22,x14,1127	 x14:0x5ddd8000 x22=0x00000000
        5590000	       278	800003b8	0185d633	srl	x12,x11,x24	 x11:0x00000000 x24:0x80055e64 x12=0x00000000
        5610000	       279	800003bc	c166e5b7	lui	x11,0xc166e	 x11=0xc166e000
        5650000	       281	800003c0	f5710e83	lb	x29,-169(x2)	  x2:0x800433ec x29=0xc166e000 PA:0xxxxxxxxx
        5690000	       283	800003c4	04210803	lb	x16,66(x2)	  x2:0x800433ec x16=0x00000000 PA:0xxxxxxxxx
        5710000	       284	800003c8	00e1f833	and	x16,x3,x14	  x3:0xf80040a8 x14:0x5ddd8000 x16=0x58000000
        5730000	       285	800003cc	41d10b33	sub	x22,x2,x29	  x2:0x800433ec x29:0x00000000 x22=0x800433ec
        5750000	       286	800003d0	07415503	lhu	x10,116(x2)	  x2:0x800433ec x10=0x00000000 PA:0xxxxxxxxx
        5770000	       287	800003d4	00619413	slli	x8,x3,0x6	  x3:0xf80040a8  x8=0x00102a00
        5790000	       288	800003d8	fb710303	lb	x6,-73(x2)	  x2:0x800433ec  x6=0x00102a00 PA:0xxxxxxxxx
        5830000	       290	800003dc	00614083	lbu	x1,6(x2)	  x2:0x800433ec  x1=0x00000000 PA:0xxxxxxxxx
        5850000	       291	800003e0	06511223	sh	x5,100(x2)	  x2:0x800433ec  x5:0x07a61428 PA:0xxxxxxxxx
        5870000	       292	800003e4	9dda3b13	sltiu	x22,x20,-1571	 x20:0x00000000 x22=0x00000001
        5890000	       293	800003e8	f4d10aa3	sb	x13,-171(x2)	  x2:0x800433ec x13:0x80059ce4 PA:0xxxxxxxxx
        5930000	       295	800003ec	0eb14503	lbu	x10,235(x2)	  x2:0x800433ec x10=0x00000000 PA:0xxxxxxxxx
        5950000	       296	800003f0	00f6fb33	and	x22,x13,x15	 x13:0x80059ce4 x15:0x00000000 x22=0x00000000
        5970000	       297	800003f4	01205733	srl	x14,x0,x18	  x0:0x00000000 x18:0x00000000 x14=0x00000000
        5990000	       298	800003f8	f2f10083	lb	x1,-209(x2)	  x2:0x800433ec  x1=0x00000000 PA:0xxxxxxxxx
        6010000	       299	800003fc	40a05a13	srai	x20,x0,0xa	  x0:0x00000000 x20=0x00000000
        6050000	       301	80000400	09a10483	lb	x9,154(x2)	  x2:0x800433ec  x9=0x00000000 PA:0xxxxxxxxx
        6070000	       302	80000404	00ad5a93	srli	x21,x26,0xa	 x26:0x00000001 x21=0x00000000
        6090000	       303	80000408	04310ca3	sb	x3,89(x2)	  x2:0x800433ec  x3:0xf80040a8 PA:0xxxxxxxxx
        6130000	       305	8000040c	0004fe97	auipc	x29,0x4f	 x29=0x8004f40c
        6150000	       306	80000410	525e8e93	addi	x29,x29,1317	 x29:0x00000000 x29=0x8004f931
        6170000	       307	80000414	00000013	addi	x0,x0,0	  x0:0x00000000
        6210000	       309	80000418	00eeca83	lbu	x21,14(x29)	 x29:0x8004f40c x21=0x00000000 PA:0xxxxxxxxx
        6230000	       310	8000041c	001e8723	sb	x1,14(x29)	 x29:0x8004f931  x1:0x00000000 PA:0xxxxxxxxx
        6250000	       311	80000420	fe7e9fa3	sh	x7,-1(x29)	 x29:0x8004f931  x7:0x00000000 PA:0xxxxxxxxx
        6290000	       313	80000424	002e8e03	lb	x28,2(x29)	 x29:0x8004f931 x28=0x00000000 PA:0xxxxxxxxx
        6310000	       314	80000428	fe1e89a3	sb	x1,-13(x29)	 x29:0x8004f931  x1:0x00000000 PA:0xxxxxxxxx
        6330000	       315	8000042c	018e8623	sb	x24,12(x29)	 x29:0x8004f931 x24:0x80055e64 PA:0xxxxxxxxx
        6350000	       316	80000430	fe0e8e23	sb	x0,-4(x29)	 x29:0x8004f931  x0:0x00000000 PA:0xxxxxxxxx
        6370000	       317	80000434	ffcec283	lbu	x5,-4(x29)	 x29:0x8004f931  x5=0x00000000 PA:0xxxxxxxxx
        6390000	       318	80000438	01fe95a3	sh	x31,11(x29)	 x29:0x8004f931 x31:0xf800399b PA:0xxxxxxxxx
        6410000	       319	8000043c	000be433	or	x8,x23,x0	 x23:0x00000000  x0:0x00000000  x8=0x00000000
        6430000	       320	80000440	00be8583	lb	x11,11(x29)	 x29:0x8004f931 x11=0x00000000 PA:0xxxxxxxxx
        6470000	       322	80000444	008e8183	lb	x3,8(x29)	 x29:0x8004f931  x3=0x00000000 PA:0xxxxxxxxx
        6490000	       323	80000448	008e8d03	lb	x26,8(x29)	 x29:0x8004f931 x26=0x00000000 PA:0xxxxxxxxx
        6510000	       324	8000044c	fe3e8923	sb	x3,-14(x29)	 x29:0x8004f931  x3:0xf80040a8 PA:0xxxxxxxxx
        6530000	       325	80000450	010942b3	xor	x5,x18,x16	 x18:0x00000000 x16:0x58000000  x5=0x58000000
        6550000	       326	80000454	fe9e8923	sb	x9,-14(x29)	 x29:0x8004f931  x9:0x00000000 PA:0xxxxxxxxx
        6570000	       327	80000458	00040117	auipc	x2,0x40	  x2=0x80040458
        6590000	       328	8000045c	d1710113	addi	x2,x2,-745	  x2:0x800433ec  x2=0x8004016f
        6630000	       330	80000460	ffd15903	lhu	x18,-3(x2)	  x2:0x800433ec x18=0x00000000 PA:0xxxxxxxxx
        6650000	       331	80000464	029114a3	sh	x9,41(x2)	  x2:0x80040458  x9:0x00000000 PA:0xxxxxxxxx
        6670000	       332	80000468	032114a3	sh	x18,41(x2)	  x2:0x8004016f x18:0x00000000 PA:0xxxxxxxxx
        6690000	       333	8000046c	02b114a3	sh	x11,41(x2)	  x2:0x8004016f x11:0xffffff9b PA:0xxxxxxxxx
        6710000	       334	80000470	02b114a3	sh	x11,41(x2)	  x2:0x8004016f x11:0xffffff9b PA:0xxxxxxxxx
        6730000	       335	80000474	02910e03	lb	x28,41(x2)	  x2:0x8004016f x28=0xffffff9b PA:0xxxxxxxxx
        6750000	       336	80000478	02912e03	lw	x28,41(x2)	  x2:0x8004016f x28=0x0000ff9b PA:0xxxxxxxxx
        6770000	       337	8000047c	010c0ab3	add	x21,x24,x16	 x24:0x80055e64 x16:0x58000000 x21=0xd8055e64
        6790000	       338	80000480	02911383	lh	x7,41(x2)	  x2:0x8004016f  x7=0xd8055e64 PA:0xxxxxxxxx
        6830000	       340	80000484	03c10203	lb	x4,60(x2)	  x2:0x8004016f  x4=0x00000000 PA:0xxxxxxxxx
        6850000	       341	80000488	02710e23	sb	x7,60(x2)	  x2:0x8004016f  x7:0x00000000 PA:0xxxxxxxxx
        6870000	       342	8000048c	02410e23	sb	x4,60(x2)	  x2:0x8004016f  x4:0x00000000 PA:0xxxxxxxxx
        6890000	       343	80000490	02310e23	sb	x3,60(x2)	  x2:0x8004016f  x3:0x00000000 PA:0xxxxxxxxx
        6910000	       344	80000494	03c14903	lbu	x18,60(x2)	  x2:0x8004016f x18=0x00000000 PA:0xxxxxxxxx
        6930000	       345	80000498	03c10e23	sb	x28,60(x2)	  x2:0x8004016f x28:0x0000ff9b PA:0xxxxxxxxx
        6950000	       346	8000049c	00bb6d33	or	x26,x22,x11	 x22:0x00000000 x11:0xffffff9b x26=0xffffff9b
        6970000	       347	800004a0	00034033	xor	x0,x6,x0	  x6:0x00000000  x0:0x00000000
        6990000	       348	800004a4	1bdd55b7	lui	x11,0x1bdd5	 x11=0x1bdd5000
        7010000	       349	800004a8	fe910b23	sb	x9,-10(x2)	  x2:0x8004016f  x9:0x00000000 PA:0xxxxxxxxx
        7050000	       351	800004ac	ff614c83	lbu	x25,-10(x2)	  x2:0x8004016f x25=0x00000000 PA:0xxxxxxxxx
        7070000	       352	800004b0	017120a3	sw	x23,1(x2)	  x2:0x8004016f x23:0x00000000 PA:0xxxxxxxxx
        7090000	       353	800004b4	00040917	auipc	x18,0x40	 x18=0x800404b4
        7110000	       354	800004b8	0ba90913	addi	x18,x18,186	 x18:0x00000000 x18=0x8004056e
        7130000	       355	800004bc	417084b3	sub	x9,x1,x23	  x1:0x00000000 x23:0x00000000  x9=0x00000000
        7150000	       356	800004c0	c22909a3	sb	x2,-973(x18)	 x18:0x800404b4  x2:0x8004016f PA:0xxxxxxxxx
        7190000	       358	800004c4	f1e90803	lb	x16,-226(x18)	 x18:0x8004056e x16=0x00000000 PA:0xxxxxxxxx
        7210000	       359	800004c8	371a4313	xori	x6,x20,881	 x20:0x00000000  x6=0x00000371
        7230000	       360	800004cc	66677113	andi	x2,x14,1638	 x14:0x00000000  x2=0x00000000
        7250000	       361	800004d0	00a62033	slt	x0,x12,x10	 x12:0x00000000 x10:0x00000000
        7270000	       362	800004d4	d1d90503	lb	x10,-739(x18)	 x18:0x8004056e x10=0x00000000 PA:0xxxxxxxxx
        7290000	       363	800004d8	40458d33	sub	x26,x11,x4	 x11:0x1bdd5000  x4:0x00000000 x26=0x1bdd5000
        7310000	       364	800004dc	d0c90ea3	sb	x12,-739(x18)	 x18:0x8004056e x12:0x00000000 PA:0xxxxxxxxx
        7370000	       367	800004e0	46894183	lbu	x3,1128(x18)	 x18:0x8004056e  x3=0x00000000 PA:0xxxxxxxxx
        7390000	       368	800004e4	402708b3	sub	x17,x14,x2	 x14:0x00000000  x2:0x00000000 x17=0x00000000
        7410000	       369	800004e8	f0794d03	lbu	x26,-249(x18)	 x18:0x8004056e x26=0x00000000 PA:0xxxxxxxxx
        7430000	       370	800004ec	ebc91423	sh	x28,-344(x18)	 x18:0x8004056e x28:0x0000ff9b PA:0xxxxxxxxx
        7470000	       372	800004f0	62091a83	lh	x21,1568(x18)	 x18:0x8004056e x21=0x00000000 PA:0xxxxxxxxx
        7490000	       373	800004f4	c9090e03	lb	x28,-880(x18)	 x18:0x8004056e x28=0x00000000 PA:0xxxxxxxxx
        7510000	       374	800004f8	c9c90823	sb	x28,-880(x18)	 x18:0x8004056e x28:0x0000ff9b PA:0xxxxxxxxx
        7530000	       375	800004fc	3cc90183	lb	x3,972(x18)	 x18:0x8004056e  x3=0x00000000 PA:0xxxxxxxxx
        7550000	       376	80000500	3cc91483	lh	x9,972(x18)	 x18:0x8004056e  x9=0x00000000 PA:0xxxxxxxxx
        7570000	       377	80000504	08b90603	lb	x12,139(x18)	 x18:0x8004056e x12=0x00000000 PA:0xxxxxxxxx
        7590000	       378	80000508	009c7ab3	and	x21,x24,x9	 x24:0x80055e64  x9:0x00000000 x21=0x00000000
        7610000	       379	8000050c	36690003	lb	x0,870(x18)	 x18:0x8004056e PA:0xxxxxxxxx
        7630000	       380	80000510	36d92323	sw	x13,870(x18)	 x18:0x8004056e x13:0x80059ce4 PA:0xxxxxxxxx
        7670000	       382	80000514	49a95a03	lhu	x20,1178(x18)	 x18:0x8004056e x20=0x00000000 PA:0xxxxxxxxx
        7690000	       383	80000518	dc894803	lbu	x16,-568(x18)	 x18:0x8004056e x16=0x00000000 PA:0xxxxxxxxx
        7710000	       384	8000051c	00040c97	auipc	x25,0x40	 x25=0x8004051c
        7730000	       385	80000520	1eac8c93	addi	x25,x25,490	 x25:0x00000000 x25=0x80040706
        7750000	       386	80000524	81d24b13	xori	x22,x4,-2019	  x4:0x00000000 x22=0xfffff81d
        7770000	       387	80000528	fe2cd183	lhu	x3,-30(x25)	 x25:0x8004051c  x3=0xfffff81d PA:0xxxxxxxxx
        7810000	       389	8000052c	fe2c9883	lh	x17,-30(x25)	 x25:0x80040706 x17=0x00000000 PA:0xxxxxxxxx
        7830000	       390	80000530	fe2ccd03	lbu	x26,-30(x25)	 x25:0x80040706 x26=0x00000000 PA:0xxxxxxxxx
        7850000	       391	80000534	00000013	addi	x0,x0,0	  x0:0x00000000
        7870000	       392	80000538	00ccdb93	srli	x23,x25,0xc	 x25:0x80040706 x23=0x00080040
        7890000	       393	8000053c	ffec9123	sh	x30,-30(x25)	 x25:0x80040706 x30:0x65d53494 PA:0xxxxxxxxx
        7910000	       394	80000540	fc5c9b23	sh	x5,-42(x25)	 x25:0x80040706  x5:0x58000000 PA:0xxxxxxxxx
        7950000	       396	80000544	fd6cd503	lhu	x10,-42(x25)	 x25:0x80040706 x10=0x00000000 PA:0xxxxxxxxx
        7970000	       397	80000548	fd6cc183	lbu	x3,-42(x25)	 x25:0x80040706  x3=0x00000000 PA:0xxxxxxxxx
        7990000	       398	8000054c	fd6c8103	lb	x2,-42(x25)	 x25:0x80040706  x2=0x00000000 PA:0xxxxxxxxx
        8010000	       399	80000550	ff9c8583	lb	x11,-7(x25)	 x25:0x80040706 x11=0x00000000 PA:0xxxxxxxxx
        8030000	       400	80000554	204a0393	addi	x7,x20,516	 x20:0x00000000  x7=0x00000204
        8050000	       401	80000558	00000013	addi	x0,x0,0	  x0:0x00000000
        8070000	       402	8000055c	ff9c8d03	lb	x26,-7(x25)	 x25:0x80040706 x26=0x00000000 PA:0xxxxxxxxx
        8090000	       403	80000560	028c9023	sh	x8,32(x25)	 x25:0x80040706  x8:0x00000000 PA:0xxxxxxxxx
        8110000	       404	80000564	0004d397	auipc	x7,0x4d	  x7=0x8004d564
        8130000	       405	80000568	d6c38393	addi	x7,x7,-660	  x7:0x00000204  x7=0x8004d2d0
        8170000	       407	8000056c	ffc3de03	lhu	x28,-4(x7)	  x7:0x00000204 x28=0x00000000 PA:0xxxxxxxxx
        8190000	       408	80000570	cc472613	slti	x12,x14,-828	 x14:0x00000000 x12=0x00000000
        8210000	       409	80000574	010383a3	sb	x16,7(x7)	  x7:0x8004d2d0 x16:0x00000000 PA:0xxxxxxxxx
        8250000	       411	80000578	ffd38f83	lb	x31,-3(x7)	  x7:0x8004d2d0 x31=0x00000000 PA:0xxxxxxxxx
        8270000	       412	8000057c	ffb3c003	lbu	x0,-5(x7)	  x7:0x8004d2d0 PA:0xxxxxxxxx
        8290000	       413	80000580	ff038e83	lb	x29,-16(x7)	  x7:0x8004d2d0 x29=0x00000000 PA:0xxxxxxxxx
        8310000	       414	80000584	fe138da3	sb	x1,-5(x7)	  x7:0x8004d2d0  x1:0x00000000 PA:0xxxxxxxxx
        8330000	       415	80000588	ffb39b23	sh	x27,-10(x7)	  x7:0x8004d2d0 x27:0xf1b1b8a2 PA:0xxxxxxxxx
        8350000	       416	8000058c	ff538ca3	sb	x21,-7(x7)	  x7:0x8004d2d0 x21:0x00000000 PA:0xxxxxxxxx
        8370000	       417	80000590	ff238b03	lb	x22,-14(x7)	  x7:0x8004d2d0 x22=0x00000000 PA:0xxxxxxxxx
        8390000	       418	80000594	00111a33	sll	x20,x2,x1	  x2:0x00000000  x1:0x00000000 x20=0x00000000
        8410000	       419	80000598	00d3c783	lbu	x15,13(x7)	  x7:0x8004d2d0 x15=0x00000000 PA:0xxxxxxxxx
        8430000	       420	8000059c	31b4bd13	sltiu	x26,x9,795	  x9:0x00000000 x26=0x00000001
        8450000	       421	800005a0	019cd1b3	srl	x3,x25,x25	 x25:0x80040706 x25:0x80040706  x3=0x0200101c
        8470000	       422	800005a4	bc4d0a93	addi	x21,x26,-1084	 x26:0x00000000 x21=0xfffffbc5
        8490000	       423	800005a8	3f168d13	addi	x26,x13,1009	 x13:0x80059ce4 x26=0x8005a0d5
        8510000	       424	800005ac	0e382013	slti	x0,x16,227	 x16:0x00000000
        8530000	       425	800005b0	41650cb3	sub	x25,x10,x22	 x10:0x00000000 x22:0x00000000 x25=0x00000000
        8550000	       426	800005b4	00000013	addi	x0,x0,0	  x0:0x00000000
        8570000	       427	800005b8	013f3633	sltu	x12,x30,x19	 x30:0x65d53494 x19:0x00000000 x12=0x00000000
        8590000	       428	800005bc	06a5c593	xori	x11,x11,106	 x11:0x00000000 x11=0x0000006a
        8610000	       429	800005c0	00596e33	or	x28,x18,x5	 x18:0x8004056e  x5:0x58000000 x28=0xd804056e
        8650000	       431	800005c4	00b38703	lb	x14,11(x7)	  x7:0x8004d2d0 x14=0xd804056e PA:0xxxxxxxxx
        8670000	       432	800005c8	ff93aa23	sw	x25,-12(x7)	  x7:0x8004d2d0 x25:0x00000000 PA:0xxxxxxxxx
        8690000	       433	800005cc	000382a3	sb	x0,5(x7)	  x7:0x8004d2d0  x0:0x00000000 PA:0xxxxxxxxx
        8710000	       434	800005d0	001df8b3	and	x17,x27,x1	 x27:0xf1b1b8a2  x1:0x00000000 x17=0x00000000
        8750000	       436	800005d4	ff938c83	lb	x25,-7(x7)	  x7:0x8004d2d0 x25=0x00000000 PA:0xxxxxxxxx
        8770000	       437	800005d8	ddd59337	lui	x6,0xddd59	  x6=0xddd59000
        8790000	       438	800005dc	00939023	sh	x9,0(x7)	  x7:0x8004d2d0  x9:0x00000000 PA:0xxxxxxxxx
        8830000	       440	800005e0	00fdf033	and	x0,x27,x15	 x27:0xf1b1b8a2 x15:0x00000000
        8850000	       441	800005e4	461a0793	addi	x15,x20,1121	 x20:0x00000000 x15=0x00000461
        8890000	       443	800005e8	ff239803	lh	x16,-14(x7)	  x7:0x8004d2d0 x16=0x00000461 PA:0xxxxxxxxx
        8910000	       444	800005ec	00000013	addi	x0,x0,0	  x0:0x00000000
        8930000	       445	800005f0	4182ddb3	sra	x27,x5,x24	  x5:0x58000000 x24:0x80055e64 x27=0x05800000
        8950000	       446	800005f4	00c2adb3	slt	x27,x5,x12	  x5:0x58000000 x12:0x00000000 x27=0x00000000
        8970000	       447	800005f8	0183a423	sw	x24,8(x7)	  x7:0x8004d2d0 x24:0x80055e64 PA:0xxxxxxxxx
        9010000	       449	800005fc	00f71b93	slli	x23,x14,0xf	 x14:0x00000000 x23=0x00000000
        9030000	       450	80000600	01b386a3	sb	x27,13(x7)	  x7:0x8004d2d0 x27:0x00000000 PA:0xxxxxxxxx
        9070000	       452	80000604	00f38523	sb	x15,10(x7)	  x7:0x8004d2d0 x15:0x00000461 PA:0xxxxxxxxx
        9090000	       453	80000608	410f8e33	sub	x28,x31,x16	 x31:0x00000000 x16:0x00000000 x28=0x00000000
        9110000	       454	8000060c	40b55733	sra	x14,x10,x11	 x10:0x00000000 x11:0x0000006a x14=0x00000000
        9130000	       455	80000610	ae9f7fb7	lui	x31,0xae9f7	 x31=0xae9f7000
        9150000	       456	80000614	01d38423	sb	x29,8(x7)	  x7:0x8004d2d0 x29:0x00000000 PA:0xxxxxxxxx
        9210000	       459	80000618	ff43d583	lhu	x11,-12(x7)	  x7:0x8004d2d0 x11=0x00000000 PA:0xxxxxxxxx
        9230000	       460	8000061c	00050217	auipc	x4,0x50	  x4=0x8005061c
        9250000	       461	80000620	a7f20213	addi	x4,x4,-1409	  x4:0x00000000  x4=0x8005009b
        9270000	       462	80000624	34520c23	sb	x5,856(x4)	  x4:0x00000000  x5:0x58000000 PA:0xxxxxxxxx
        9290000	       463	80000628	2a220383	lb	x7,674(x4)	  x4:0x8005061c  x7=0x00000000 PA:0xxxxxxxxx
        9310000	       464	8000062c	757b7393	andi	x7,x22,1879	 x22:0x00000000  x7=0x00000000
        9330000	       465	80000630	3a2f5b97	auipc	x23,0x3a2f5	 x23=0xba2f5630
        9350000	       466	80000634	f8725e03	lhu	x28,-121(x4)	  x4:0x8005009b x28=0xba2f5630 PA:0xxxxxxxxx
        9370000	       467	80000638	00000013	addi	x0,x0,0	  x0:0x00000000
        9410000	       469	8000063c	f6721f83	lh	x31,-153(x4)	  x4:0x8005009b x31=0x00000000 PA:0xxxxxxxxx
        9430000	       470	80000640	001d4333	xor	x6,x26,x1	 x26:0x8005a0d5  x1:0x00000000  x6=0x8005a0d5
        9470000	       472	80000644	61b24183	lbu	x3,1563(x4)	  x4:0x8005009b  x3=0x00000000 PA:0xxxxxxxxx
        9490000	       473	80000648	54220603	lb	x12,1346(x4)	  x4:0x8005009b x12=0x00000000 PA:0xxxxxxxxx
        9510000	       474	8000064c	5ce224a3	sw	x14,1481(x4)	  x4:0x8005009b x14:0x00000000 PA:0xxxxxxxxx
        9530000	       475	80000650	89720123	sb	x23,-1918(x4)	  x4:0x8005009b x23:0xba2f5630 PA:0xxxxxxxxx
        9550000	       476	80000654	fbc24783	lbu	x15,-68(x4)	  x4:0x8005009b x15=0x00000000 PA:0xxxxxxxxx
        9570000	       477	80000658	bec20d03	lb	x26,-1044(x4)	  x4:0x8005009b x26=0x00000000 PA:0xxxxxxxxx
        9590000	       478	8000065c	17921ea3	sh	x25,381(x4)	  x4:0x8005009b x25:0x00000000 PA:0xxxxxxxxx
        9610000	       479	80000660	1ae24e03	lbu	x28,430(x4)	  x4:0x8005009b x28=0x00000000 PA:0xxxxxxxxx
        9630000	       480	80000664	f0624a03	lbu	x20,-250(x4)	  x4:0x8005009b x20=0x00000000 PA:0xxxxxxxxx
        9650000	       481	80000668	20620823	sb	x6,528(x4)	  x4:0x8005009b  x6:0x8005a0d5 PA:0xxxxxxxxx
        9670000	       482	8000066c	70824b83	lbu	x23,1800(x4)	  x4:0x8005009b x23=0x00000000 PA:0xxxxxxxxx
        9690000	       483	80000670	9a020ca3	sb	x0,-1607(x4)	  x4:0x8005009b  x0:0x00000000 PA:0xxxxxxxxx
        9710000	       484	80000674	3ba209a3	sb	x26,947(x4)	  x4:0x8005009b x26:0x00000000 PA:0xxxxxxxxx
        9730000	       485	80000678	bfc24403	lbu	x8,-1028(x4)	  x4:0x8005009b  x8=0x00000000 PA:0xxxxxxxxx
        9750000	       486	8000067c	46420b83	lb	x23,1124(x4)	  x4:0x8005009b x23=0x00000000 PA:0xxxxxxxxx
        9770000	       487	80000680	92024d83	lbu	x27,-1760(x4)	  x4:0x8005009b x27=0x00000000 PA:0xxxxxxxxx
        9790000	       488	80000684	015572b3	and	x5,x10,x21	 x10:0x00000000 x21:0xfffffbc5  x5=0x00000000
        9810000	       489	80000688	66b20d83	lb	x27,1643(x4)	  x4:0x8005009b x27=0x00000000 PA:0xxxxxxxxx
        9830000	       490	8000068c	8adc6013	ori	x0,x24,-1875	 x24:0x80055e64
        9870000	       492	80000690	2d520a83	lb	x21,725(x4)	  x4:0x8005009b x21=0xfffffeed PA:0xxxxxxxxx
        9910000	       494	80000694	fb220983	lb	x19,-78(x4)	  x4:0x8005009b x19=0x00000000 PA:0xxxxxxxxx
        9930000	       495	80000698	62d14f93	xori	x31,x2,1581	  x2:0x00000000 x31=0x0000062d
        9950000	       496	8000069c	78420e03	lb	x28,1924(x4)	  x4:0x8005009b x28=0x0000062d PA:0xxxxxxxxx
        9990000	       498	800006a0	cbb24503	lbu	x10,-837(x4)	  x4:0x8005009b x10=0x00000000 PA:0xxxxxxxxx
       10010000	       499	800006a4	40ec5533	sra	x10,x24,x14	 x24:0x80055e64 x14:0x00000000 x10=0x80055e64
       10030000	       500	800006a8	afb21003	lh	x0,-1285(x4)	  x4:0x8005009b PA:0xxxxxxxxx
       10050000	       501	800006ac	d4520123	sb	x5,-702(x4)	  x4:0x8005009b  x5:0x00000000 PA:0xxxxxxxxx
       10070000	       502	800006b0	c3e24b83	lbu	x23,-962(x4)	  x4:0x8005009b x23=0x00000000 PA:0xxxxxxxxx
       10090000	       503	800006b4	004a9193	slli	x3,x21,0x4	 x21:0x00000000  x3=0x00000000
       10110000	       504	800006b8	00000013	addi	x0,x0,0	  x0:0x00000000
       10130000	       505	800006bc	d8c20d03	lb	x26,-628(x4)	  x4:0x8005009b x26=0x00000000 PA:0xxxxxxxxx
       10150000	       506	800006c0	0004b597	auipc	x11,0x4b	 x11=0x8004b6c0
       10170000	       507	800006c4	0e558593	addi	x11,x11,229	 x11:0x00000000 x11=0x8004b7a5
       10190000	       508	800006c8	00658723	sb	x6,14(x11)	 x11:0x00000000  x6:0x8005a0d5 PA:0xxxxxxxxx
       10210000	       509	800006cc	00c81e93	slli	x29,x16,0xc	 x16:0x00000000 x29=0x00000000
       10230000	       510	800006d0	01458723	sb	x20,14(x11)	 x11:0x8004b7a5 x20:0x00000000 PA:0xxxxxxxxx
       10270000	       512	800006d4	00658723	sb	x6,14(x11)	 x11:0x8004b7a5  x6:0x8005a0d5 PA:0xxxxxxxxx
       10290000	       513	800006d8	01958723	sb	x25,14(x11)	 x11:0x8004b7a5 x25:0x00000000 PA:0xxxxxxxxx
       10310000	       514	800006dc	00a58723	sb	x10,14(x11)	 x11:0x8004b7a5 x10:0x80055e64 PA:0xxxxxxxxx
       10330000	       515	800006e0	01358723	sb	x19,14(x11)	 x11:0x8004b7a5 x19:0x00000000 PA:0xxxxxxxxx
       10350000	       516	800006e4	01f58723	sb	x31,14(x11)	 x11:0x8004b7a5 x31:0x0000062d PA:0xxxxxxxxx
       10390000	       518	800006e8	00e5ca83	lbu	x21,14(x11)	 x11:0x8004b7a5 x21=0x0000002d PA:0xxxxxxxxx
       10410000	       519	800006ec	00e5c283	lbu	x5,14(x11)	 x11:0x8004b7a5  x5=0x0000002d PA:0xxxxxxxxx
       10430000	       520	800006f0	ff65c283	lbu	x5,-10(x11)	 x11:0x8004b7a5  x5=0x00000000 PA:0xxxxxxxxx
       10450000	       521	800006f4	ff65c903	lbu	x18,-10(x11)	 x11:0x8004b7a5 x18=0x00000000 PA:0xxxxxxxxx
       10470000	       522	800006f8	ff658883	lb	x17,-10(x11)	 x11:0x8004b7a5 x17=0x00000000 PA:0xxxxxxxxx
       10490000	       523	800006fc	00040117	auipc	x2,0x40	  x2=0x800406fc
       10510000	       524	80000700	05c10113	addi	x2,x2,92	  x2:0x00000000  x2=0x80040758
       10530000	       525	80000704	fff10383	lb	x7,-1(x2)	  x2:0x00000000  x7=0xffffff9c PA:0xxxxxxxxx
       10550000	       526	80000708	00b14883	lbu	x17,11(x2)	  x2:0x800406fc x17=0x00000000 PA:0xxxxxxxxx
       10570000	       527	8000070c	1ef64e93	xori	x29,x12,495	 x12:0x00000000 x29=0x000001ef
       10590000	       528	80000710	00ee4fb3	xor	x31,x28,x14	 x28:0x00000000 x14:0x00000000 x31=0x00000000
       10610000	       529	80000714	00000013	addi	x0,x0,0	  x0:0x00000000
       10630000	       530	80000718	00914603	lbu	x12,9(x2)	  x2:0x80040758 x12=0x00000000 PA:0xxxxxxxxx
       10650000	       531	8000071c	fe3108a3	sb	x3,-15(x2)	  x2:0x80040758  x3:0x00000000 PA:0xxxxxxxxx
       10690000	       533	80000720	ff214383	lbu	x7,-14(x2)	  x2:0x80040758  x7=0x00000000 PA:0xxxxxxxxx
       10710000	       534	80000724	423ccb93	xori	x23,x25,1059	 x25:0x00000000 x23=0x00000423
       10730000	       535	80000728	00b10583	lb	x11,11(x2)	  x2:0x80040758 x11=0x00000423 PA:0xxxxxxxxx
       10750000	       536	8000072c	004d0033	add	x0,x26,x4	 x26:0x00000000  x4:0x8005009b
       10770000	       537	80000730	bde0e993	ori	x19,x1,-1058	  x1:0x00000000 x19=0xfffffbde
       10810000	       539	80000734	00412d83	lw	x27,4(x2)	  x2:0x80040758 x27=0xfffffbde PA:0xxxxxxxxx
       10850000	       541	80000738	ffd14b83	lbu	x23,-3(x2)	  x2:0x80040758 x23=0x00000000 PA:0xxxxxxxxx
       10870000	       542	8000073c	00e15703	lhu	x14,14(x2)	  x2:0x80040758 x14=0x00000000 PA:0xxxxxxxxx
       10890000	       543	80000740	00f09a33	sll	x20,x1,x15	  x1:0x00000000 x15:0x00000000 x20=0x00000000
       10910000	       544	80000744	01014883	lbu	x17,16(x2)	  x2:0x80040758 x17=0x00000000 PA:0xxxxxxxxx
       10930000	       545	80000748	ff710ba3	sb	x23,-9(x2)	  x2:0x80040758 x23:0x00000000 PA:0xxxxxxxxx
       10950000	       546	8000074c	c2888613	addi	x12,x17,-984	 x17:0x00000000 x12=0xfffffc28
       10970000	       547	80000750	40fd5eb3	sra	x29,x26,x15	 x26:0x00000000 x15:0x00000000 x29=0x00000000
       11010000	       549	80000754	ff110583	lb	x11,-15(x2)	  x2:0x80040758 x11=0x00000000 PA:0xxxxxxxxx
       11030000	       550	80000758	003105a3	sb	x3,11(x2)	  x2:0x80040758  x3:0x00000000 PA:0xxxxxxxxx
       11070000	       552	8000075c	ffd10d03	lb	x26,-3(x2)	  x2:0x80040758 x26=0x00000000 PA:0xxxxxxxxx
       11090000	       553	80000760	fe211f23	sh	x2,-2(x2)	  x2:0x80040758  x2:0x80040758 PA:0xxxxxxxxx
       11110000	       554	80000764	40ce0e33	sub	x28,x28,x12	 x28:0x00000000 x12:0xfffffc28 x28=0x000003d8
       11130000	       555	80000768	006102a3	sb	x6,5(x2)	  x2:0x80040758  x6:0x8005a0d5 PA:0xxxxxxxxx
       11150000	       556	8000076c	00611523	sh	x6,10(x2)	  x2:0x80040758  x6:0x8005a0d5 PA:0xxxxxxxxx
       11190000	       558	80000770	ff614203	lbu	x4,-10(x2)	  x2:0x80040758  x4=0x00000000 PA:0xxxxxxxxx
       11210000	       559	80000774	ff714583	lbu	x11,-9(x2)	  x2:0x80040758 x11=0x00000000 PA:0xxxxxxxxx
       11230000	       560	80000778	00314883	lbu	x17,3(x2)	  x2:0x80040758 x17=0x00000000 PA:0xxxxxxxxx
       11250000	       561	8000077c	00b10003	lb	x0,11(x2)	  x2:0x80040758 PA:0xxxxxxxxx
       11270000	       562	80000780	4088d393	srai	x7,x17,0x8	 x17:0x00000000  x7=0x00000000
       11290000	       563	80000784	ff615d03	lhu	x26,-10(x2)	  x2:0x80040758 x26=0x00000000 PA:0xxxxxxxxx
       11330000	       565	80000788	ff914383	lbu	x7,-7(x2)	  x2:0x80040758  x7=0x00000000 PA:0xxxxxxxxx
       11350000	       566	8000078c	00a65013	srli	x0,x12,0xa	 x12:0xfffffc28
       11370000	       567	80000790	00b14e03	lbu	x28,11(x2)	  x2:0x80040758 x28=0x003fffff PA:0xxxxxxxxx
       11410000	       569	80000794	ffc12b83	lw	x23,-4(x2)	  x2:0x80040758 x23=0x07580000 PA:0xxxxxxxxx
       11430000	       570	80000798	01211223	sh	x18,4(x2)	  x2:0x80040758 x18:0x00000000 PA:0xxxxxxxxx
       11450000	       571	8000079c	6ddc3213	sltiu	x4,x24,1757	 x24:0x80055e64  x4=0x00000000
       11470000	       572	800007a0	00012d03	lw	x26,0(x2)	  x2:0x80040758 x26=0x00000000 PA:0xxxxxxxxx
       11490000	       573	800007a4	1d364413	xori	x8,x12,467	 x12:0xfffffc28  x8=0xfffffdfb
       11510000	       574	800007a8	009f10b3	sll	x1,x30,x9	 x30:0x65d53494  x9:0x00000000  x1=0x65d53494
       11550000	       576	800007ac	00f14883	lbu	x17,15(x2)	  x2:0x80040758 x17=0x65d53494 PA:0xxxxxxxxx
       11570000	       577	800007b0	0004d117	auipc	x2,0x4d	  x2=0x8004d7b0
       11590000	       578	800007b4	0bf10113	addi	x2,x2,191	  x2:0x80040758  x2=0x8004d86f
       11610000	       579	800007b8	fff10e23	sb	x31,-4(x2)	  x2:0x80040758 x31:0x00000000 PA:0xxxxxxxxx
       11650000	       581	800007bc	ffc10403	lb	x8,-4(x2)	  x2:0x8004d7b0  x8=0x00000000 PA:0xxxxxxxxx
       11670000	       582	800007c0	ffc14b83	lbu	x23,-4(x2)	  x2:0x8004d86f x23=0x00000000 PA:0xxxxxxxxx
       11690000	       583	800007c4	ffd10e23	sb	x29,-4(x2)	  x2:0x8004d86f x29:0x00000000 PA:0xxxxxxxxx
       11710000	       584	800007c8	ffc14903	lbu	x18,-4(x2)	  x2:0x8004d86f x18=0x00000000 PA:0xxxxxxxxx
       11730000	       585	800007cc	ffc10c83	lb	x25,-4(x2)	  x2:0x8004d86f x25=0x00000000 PA:0xxxxxxxxx
       11750000	       586	800007d0	ffc10383	lb	x7,-4(x2)	  x2:0x8004d86f  x7=0x00000000 PA:0xxxxxxxxx
       11770000	       587	800007d4	4d898413	addi	x8,x19,1240	 x19:0xfffffbde  x8=0x000000b6
       11790000	       588	800007d8	01fe5fb3	srl	x31,x28,x31	 x28:0x000000a0 x31:0x00000000 x31=0x000000a0
       11810000	       589	800007dc	ffc14d83	lbu	x27,-4(x2)	  x2:0x8004d86f x27=0x000000a0 PA:0xxxxxxxxx
       11830000	       590	800007e0	fe610e23	sb	x6,-4(x2)	  x2:0x8004d86f  x6:0x8005a0d5 PA:0xxxxxxxxx
       11850000	       591	800007e4	013aa733	slt	x14,x21,x19	 x21:0x0000002d x19:0xfffffbde x14=0x00000000
       11890000	       593	800007e8	ffc10583	lb	x11,-4(x2)	  x2:0x8004d86f x11=0x00000000 PA:0xxxxxxxxx
       11930000	       595	800007ec	ffc10d83	lb	x27,-4(x2)	  x2:0x8004d86f x27=0xffffffd5 PA:0xxxxxxxxx
       11950000	       596	800007f0	ffc14303	lbu	x6,-4(x2)	  x2:0x8004d86f  x6=0x000000d5 PA:0xxxxxxxxx
       11970000	       597	800007f4	00000013	addi	x0,x0,0	  x0:0x00000000
       11990000	       598	800007f8	ffc10483	lb	x9,-4(x2)	  x2:0x8004d86f  x9=0x00000000 PA:0xxxxxxxxx
       12010000	       599	800007fc	ff810e23	sb	x24,-4(x2)	  x2:0x8004d86f x24:0x80055e64 PA:0xxxxxxxxx
       12030000	       600	80000800	00040117	auipc	x2,0x40	  x2=0x80040800
       12050000	       601	80000804	9f310113	addi	x2,x2,-1549	  x2:0x8004d86f  x2=0x800401f3
       12070000	       602	80000808	019fd833	srl	x16,x31,x25	 x31:0x000000a0 x25:0x00000000 x16=0x000000a0
       12090000	       603	8000080c	00ee70b3	and	x1,x28,x14	 x28:0x000000a0 x14:0x00000000  x1=0x00000000
       12110000	       604	80000810	f0c113a3	sh	x12,-249(x2)	  x2:0x800401f3 x12:0xfffffc28 PA:0xxxxxxxxx
       12150000	       606	80000814	1bb98e13	addi	x28,x19,443	 x19:0xfffffbde x28=0xfffffd99
       12170000	       607	80000818	415a5913	srai	x18,x20,0x15	 x20:0x00000000 x18=0x00000000
       12210000	       609	8000081c	f3b15403	lhu	x8,-197(x2)	  x2:0x800401f3  x8=0x00000000 PA:0xxxxxxxxx
       12230000	       610	80000820	f4e10da3	sb	x14,-165(x2)	  x2:0x800401f3 x14:0x00000000 PA:0xxxxxxxxx
       12270000	       612	80000824	03710503	lb	x10,55(x2)	  x2:0x800401f3 x10=0x00000000 PA:0xxxxxxxxx
       12290000	       613	80000828	39e4bb93	sltiu	x23,x9,926	  x9:0xffffffd5 x23=0x00000000
       12310000	       614	8000082c	01a9da13	srli	x20,x19,0x1a	 x19:0xfffffbde x20=0x0000003f
       12330000	       615	80000830	03510883	lb	x17,53(x2)	  x2:0x800401f3 x17=0x0000003f PA:0xxxxxxxxx
       12350000	       616	80000834	00d828b3	slt	x17,x16,x13	 x16:0x000000a0 x13:0x80059ce4 x17=0x00000000
       12390000	       618	80000838	04911383	lh	x7,73(x2)	  x2:0x800401f3  x7=0x00000000 PA:0xxxxxxxxx
       12410000	       619	8000083c	0001e833	or	x16,x3,x0	  x3:0x00000000  x0:0x00000000 x16=0x00000000
       12450000	       621	80000840	0b911203	lh	x4,185(x2)	  x2:0x800401f3  x4=0x00000000 PA:0xxxxxxxxx
       12470000	       622	80000844	f4dd2513	slti	x10,x26,-179	 x26:0x00000000 x10=0x00000000
       12490000	       623	80000848	0139fbb3	and	x23,x19,x19	 x19:0xfffffbde x19:0xfffffbde x23=0xfffffbde
       12510000	       624	8000084c	0e310e23	sb	x3,252(x2)	  x2:0x800401f3  x3:0x00000000 PA:0xxxxxxxxx
       12550000	       626	80000850	ffe10d23	sb	x30,-6(x2)	  x2:0x800401f3 x30:0x65d53494 PA:0xxxxxxxxx
       12570000	       627	80000854	2b0fe593	ori	x11,x31,688	 x31:0x000000a0 x11=0x000002b0
       12590000	       628	80000858	01741933	sll	x18,x8,x23	  x8:0x00000000 x23:0xfffffbde x18=0x00000000
       12610000	       629	8000085c	091103a3	sb	x17,135(x2)	  x2:0x800401f3 x17:0x00000000 PA:0xxxxxxxxx
       12650000	       631	80000860	2ef45037	lui	x0,0x2ef45	
       12690000	       633	80000864	0d515a83	lhu	x21,213(x2)	  x2:0x800401f3 x21=0x2ef45000 PA:0xxxxxxxxx
       12710000	       634	80000868	008a5f93	srli	x31,x20,0x8	 x20:0x0000003f x31=0x00000000
       12750000	       636	8000086c	0cd14403	lbu	x8,205(x2)	  x2:0x800401f3  x8=0x00000000 PA:0xxxxxxxxx
       12790000	       638	80000870	02e10c83	lb	x25,46(x2)	  x2:0x800401f3 x25=0x00000000 PA:0xxxxxxxxx
       12810000	       639	80000874	40b4d033	sra	x0,x9,x11	  x9:0xffffffd5 x11:0x000002b0
       12830000	       640	80000878	00810e03	lb	x28,8(x2)	  x2:0x800401f3 x28=0xffffffff PA:0xxxxxxxxx
       12870000	       642	8000087c	07410983	lb	x19,116(x2)	  x2:0x800401f3 x19=0x00000000 PA:0xxxxxxxxx
       12890000	       643	80000880	01ff62b3	or	x5,x30,x31	 x30:0x65d53494 x31:0x00000000  x5=0x65d53494
       12910000	       644	80000884	fb214c83	lbu	x25,-78(x2)	  x2:0x800401f3 x25=0x65d53494 PA:0xxxxxxxxx
       12930000	       645	80000888	007d49b3	xor	x19,x26,x7	 x26:0x00000000  x7:0x00000000 x19=0x00000000
       12950000	       646	8000088c	41355eb3	sra	x29,x10,x19	 x10:0x00000000 x19:0x00000000 x29=0x00000000
       12970000	       647	80000890	02c72313	slti	x6,x14,44	 x14:0x00000000  x6=0x00000001
       12990000	       648	80000894	00000013	addi	x0,x0,0	  x0:0x00000000
       13030000	       650	80000898	fe710e83	lb	x29,-25(x2)	  x2:0x800401f3 x29=0x00000000 PA:0xxxxxxxxx
       13070000	       652	8000089c	fe510a83	lb	x21,-27(x2)	  x2:0x800401f3 x21=0x00000000 PA:0xxxxxxxxx
       13090000	       653	800008a0	408a5993	srai	x19,x20,0x8	 x20:0x0000003f x19=0x00000000
       13110000	       654	800008a4	ca448013	addi	x0,x9,-860	  x9:0xffffffd5
       13130000	       655	800008a8	0c1100a3	sb	x1,193(x2)	  x2:0x800401f3  x1:0x00000000 PA:0xxxxxxxxx
       13150000	       656	800008ac	0106c3b3	xor	x7,x13,x16	 x13:0x80059ce4 x16:0x00000000  x7=0x80059ce4
       13170000	       657	800008b0	6b353393	sltiu	x7,x10,1715	 x10:0x00000000  x7=0x00000001
       13210000	       659	800008b4	f2d14383	lbu	x7,-211(x2)	  x2:0x800401f3  x7=0x00000001 PA:0xxxxxxxxx
       13230000	       660	800008b8	0db104a3	sb	x27,201(x2)	  x2:0x800401f3 x27:0xffffffd5 PA:0xxxxxxxxx
       13250000	       661	800008bc	00923cb3	sltu	x25,x4,x9	  x4:0x00000000  x9:0xffffffd5 x25=0x00000001
       13270000	       662	800008c0	0e7116a3	sh	x7,237(x2)	  x2:0x800401f3  x7:0x00000000 PA:0xxxxxxxxx
       13330000	       665	800008c4	08010203	lb	x4,128(x2)	  x2:0x800401f3  x4=0x00000000 PA:0xxxxxxxxx
       13350000	       666	800008c8	faa10323	sb	x10,-90(x2)	  x2:0x800401f3 x10:0x00000000 PA:0xxxxxxxxx
       13370000	       667	800008cc	f5e10b83	lb	x23,-162(x2)	  x2:0x800401f3 x23=0x00000000 PA:0xxxxxxxxx
       13390000	       668	800008d0	fd814d03	lbu	x26,-40(x2)	  x2:0x800401f3 x26=0x00000000 PA:0xxxxxxxxx
       13410000	       669	800008d4	00dabfb3	sltu	x31,x21,x13	 x21:0x00000000 x13:0x80059ce4 x31=0x00000001
       13430000	       670	800008d8	03311483	lh	x9,51(x2)	  x2:0x800401f3  x9=0x00000001 PA:0xxxxxxxxx
       13450000	       671	800008dc	01578ab3	add	x21,x15,x21	 x15:0x00000000 x21:0x00000000 x21=0x00000000
       13470000	       672	800008e0	1245f993	andi	x19,x11,292	 x11:0x000002b0 x19=0x00000020
       13510000	       674	800008e4	0ee10283	lb	x5,238(x2)	  x2:0x800401f3  x5=0x00000020 PA:0xxxxxxxxx
       13550000	       676	800008e8	fb311203	lh	x4,-77(x2)	  x2:0x800401f3  x4=0x00000000 PA:0xxxxxxxxx
       13570000	       677	800008ec	0a512983	lw	x19,165(x2)	  x2:0x800401f3 x19=0x00000000 PA:0xxxxxxxxx
       13590000	       678	800008f0	00046117	auipc	x2,0x46	  x2=0x800468f0
       13610000	       679	800008f4	aeb10113	addi	x2,x2,-1301	  x2:0x800401f3  x2=0x800463db
       13630000	       680	800008f8	ff210903	lb	x18,-14(x2)	  x2:0x800401f3 x18=0x00000000 PA:0xxxxxxxxx
       13650000	       681	800008fc	fadb4993	xori	x19,x22,-83	 x22:0x00000000 x19=0xffffffad
       13670000	       682	80000900	00f11303	lh	x6,15(x2)	  x2:0x800463db  x6=0xffffffad PA:0xxxxxxxxx
       13690000	       683	80000904	00c8efb3	or	x31,x17,x12	 x17:0x00000000 x12:0xfffffc28 x31=0xfffffc28
       13710000	       684	80000908	40cedeb3	sra	x29,x29,x12	 x29:0x00000000 x12:0xfffffc28 x29=0x00000000
       13730000	       685	8000090c	00d100a3	sb	x13,1(x2)	  x2:0x800463db x13:0x80059ce4 PA:0xxxxxxxxx
       13770000	       687	80000910	fe010b23	sb	x0,-10(x2)	  x2:0x800463db  x0:0x00000000 PA:0xxxxxxxxx
       13790000	       688	80000914	ffd10d23	sb	x29,-6(x2)	  x2:0x800463db x29:0x00000000 PA:0xxxxxxxxx
       13810000	       689	80000918	001129b3	slt	x19,x2,x1	  x2:0x800463db  x1:0x00000000 x19=0x00000001
       13830000	       690	8000091c	63217f93	andi	x31,x2,1586	  x2:0x800463db x31=0x00000212
       13850000	       691	80000920	01893333	sltu	x6,x18,x24	 x18:0x00000000 x24:0x80055e64  x6=0x00000001
       13870000	       692	80000924	00f9d5b3	srl	x11,x19,x15	 x19:0x00000001 x15:0x00000000 x11=0x00000001
       13890000	       693	80000928	fe710c23	sb	x7,-8(x2)	  x2:0x800463db  x7:0x00000000 PA:0xxxxxxxxx
       13930000	       695	8000092c	4078d5b3	sra	x11,x17,x7	 x17:0x00000000  x7:0x00000000 x11=0x00000000
       13950000	       696	80000930	0134a933	slt	x18,x9,x19	  x9:0x00000000 x19:0x00000001 x18=0x00000001
       13970000	       697	80000934	01af5913	srli	x18,x30,0x1a	 x30:0x65d53494 x18=0x00000019
       13990000	       698	80000938	ff311ba3	sh	x19,-9(x2)	  x2:0x800463db x19:0x00000001 PA:0xxxxxxxxx
       14030000	       700	8000093c	01e5c033	xor	x0,x11,x30	 x11:0x00000000 x30:0x65d53494
       14050000	       701	80000940	008dd993	srli	x19,x27,0x8	 x27:0xffffffd5 x19=0x00ffffff
       14090000	       703	80000944	ffd12583	lw	x11,-3(x2)	  x2:0x800463db x11=0x00ffffff PA:0xxxxxxxxx
       14130000	       705	80000948	00912e83	lw	x29,9(x2)	  x2:0x800463db x29=0x00000000 PA:0xxxxxxxxx
       14150000	       706	8000094c	ff912d83	lw	x27,-7(x2)	  x2:0x800463db x27=0x00000000 PA:0xxxxxxxxx
       14170000	       707	80000950	960ca513	slti	x10,x25,-1696	 x25:0x00000001 x10=0x00000000
       14190000	       708	80000954	01413bb3	sltu	x23,x2,x20	  x2:0x800463db x20:0x0000003f x23=0x00000000
       14210000	       709	80000958	ff314283	lbu	x5,-13(x2)	  x2:0x800463db  x5=0x00000000 PA:0xxxxxxxxx
       14230000	       710	8000095c	408f89b3	sub	x19,x31,x8	 x31:0x00000212  x8:0x00000000 x19=0x00000212
       14250000	       711	80000960	40185933	sra	x18,x16,x1	 x16:0x00000000  x1:0x00000000 x18=0x00000000
       14270000	       712	80000964	00a80833	add	x16,x16,x10	 x16:0x00000000 x10:0x00000000 x16=0x00000000
       14310000	       714	80000968	ffe14983	lbu	x19,-2(x2)	  x2:0x800463db x19=0x00000000 PA:0xxxxxxxxx
       14330000	       715	8000096c	41d58b33	sub	x22,x11,x29	 x11:0x00000000 x29:0x00000000 x22=0x00000000
       14370000	       717	80000970	00314983	lbu	x19,3(x2)	  x2:0x800463db x19=0x00000000 PA:0xxxxxxxxx
       14410000	       719	80000974	00010283	lb	x5,0(x2)	  x2:0x800463db  x5=0x00000000 PA:0xxxxxxxxx
       14430000	       720	80000978	00910223	sb	x9,4(x2)	  x2:0x800463db  x9:0x00000000 PA:0xxxxxxxxx
       14450000	       721	8000097c	00040117	auipc	x2,0x40	  x2=0x8004097c
       14470000	       722	80000980	33e10113	addi	x2,x2,830	  x2:0x800463db  x2=0x80040cba
       14490000	       723	80000984	a72103a3	sb	x18,-1433(x2)	  x2:0x800463db x18:0x00000000 PA:0xxxxxxxxx
       14510000	       724	80000988	a7b103a3	sb	x27,-1433(x2)	  x2:0x8004097c x27:0x00000000 PA:0xxxxxxxxx
       14530000	       725	8000098c	a6714203	lbu	x4,-1433(x2)	  x2:0x80040cba  x4=0x00000000 PA:0xxxxxxxxx
       14550000	       726	80000990	2c910803	lb	x16,713(x2)	  x2:0x80040cba x16=0x00000000 PA:0xxxxxxxxx
       14570000	       727	80000994	41bbd5b3	sra	x11,x23,x27	 x23:0x00000000 x27:0x00000000 x11=0x00000000
       14590000	       728	80000998	12114f83	lbu	x31,289(x2)	  x2:0x80040cba x31=0x00000000 PA:0xxxxxxxxx
       14630000	       730	8000099c	27015883	lhu	x17,624(x2)	  x2:0x80040cba x17=0x00000000 PA:0xxxxxxxxx
       14650000	       731	800009a0	27010c83	lb	x25,624(x2)	  x2:0x80040cba x25=0x00000000 PA:0xxxxxxxxx
       14670000	       732	800009a4	baf10003	lb	x0,-1105(x2)	  x2:0x80040cba PA:0xxxxxxxxx
       14690000	       733	800009a8	20011223	sh	x0,516(x2)	  x2:0x80040cba  x0:0x00000000 PA:0xxxxxxxxx
       14710000	       734	800009ac	405a0233	sub	x4,x20,x5	 x20:0x0000003f  x5:0x00000000  x4=0x0000003f
       14730000	       735	800009b0	e9a12b23	sw	x26,-362(x2)	  x2:0x80040cba x26:0x00000000 PA:0xxxxxxxxx
       14750000	       736	800009b4	016d9cb3	sll	x25,x27,x22	 x27:0x00000000 x22:0x00000000 x25=0x00000000
       14770000	       737	800009b8	0126eab3	or	x21,x13,x18	 x13:0x80059ce4 x18:0x00000000 x21=0x80059ce4
       14810000	       739	800009bc	ac110603	lb	x12,-1343(x2)	  x2:0x80040cba x12=0x00000000 PA:0xxxxxxxxx
       14830000	       740	800009c0	00dac7b3	xor	x15,x21,x13	 x21:0x00000000 x13:0x80059ce4 x15=0x00000000
       14850000	       741	800009c4	34b10403	lb	x8,843(x2)	  x2:0x80040cba  x8=0x00000000 PA:0xxxxxxxxx
       14870000	       742	800009c8	27311023	sh	x19,608(x2)	  x2:0x80040cba x19:0x00000000 PA:0xxxxxxxxx
       14910000	       744	800009cc	a0a14f83	lbu	x31,-1526(x2)	  x2:0x80040cba x31=0x00000000 PA:0xxxxxxxxx
       14930000	       745	800009d0	401edbb3	sra	x23,x29,x1	 x29:0x00000000  x1:0x00000000 x23=0x00000000
       14950000	       746	800009d4	a0a10883	lb	x17,-1526(x2)	  x2:0x80040cba x17=0x00000000 PA:0xxxxxxxxx
       14990000	       748	800009d8	8b914403	lbu	x8,-1863(x2)	  x2:0x80040cba  x8=0x00000000 PA:0xxxxxxxxx
       15010000	       749	800009dc	8b910a83	lb	x21,-1863(x2)	  x2:0x80040cba x21=0x00000000 PA:0xxxxxxxxx
       15030000	       750	800009e0	8b810ca3	sb	x24,-1863(x2)	  x2:0x80040cba x24:0x80055e64 PA:0xxxxxxxxx
       15050000	       751	800009e4	cef10283	lb	x5,-785(x2)	  x2:0x80040cba  x5=0x00000000 PA:0xxxxxxxxx
       15070000	       752	800009e8	00040617	auipc	x12,0x40	 x12=0x800409e8
       15090000	       753	800009ec	2b860613	addi	x12,x12,696	 x12:0x00000000 x12=0x80040ca0
       15110000	       754	800009f0	c8bf4a93	xori	x21,x30,-885	 x30:0x65d53494 x21=0x9a2ac81f
       15130000	       755	800009f4	035600a3	sb	x21,33(x12)	 x12:0x800409e8 x21:0x00000000 PA:0xxxxxxxxx
       15150000	       756	800009f8	0186bcb3	sltu	x25,x13,x24	 x13:0x80059ce4 x24:0x80055e64 x25=0x00000000
       15170000	       757	800009fc	67275997	auipc	x19,0x67275	 x19=0xe72759fc
       15210000	       759	80000a00	01960703	lb	x14,25(x12)	 x12:0x80040ca0 x14=0xe72759fc PA:0xxxxxxxxx
       15250000	       761	80000a04	01c62703	lw	x14,28(x12)	 x12:0x80040ca0 x14=0x00000000 PA:0xxxxxxxxx
       15270000	       762	80000a08	fe960ba3	sb	x9,-9(x12)	 x12:0x80040ca0  x9:0x00000000 PA:0xxxxxxxxx
       15290000	       763	80000a0c	fec60ba3	sb	x12,-9(x12)	 x12:0x80040ca0 x12:0x80040ca0 PA:0xxxxxxxxx
       15310000	       764	80000a10	03d64f83	lbu	x31,61(x12)	 x12:0x80040ca0 x31=0x00000000 PA:0xxxxxxxxx
       15330000	       765	80000a14	03d60a83	lb	x21,61(x12)	 x12:0x80040ca0 x21=0x00000000 PA:0xxxxxxxxx
       15350000	       766	80000a18	d6e02593	slti	x11,x0,-658	  x0:0x00000000 x11=0x00000000
       15370000	       767	80000a1c	03d64f83	lbu	x31,61(x12)	 x12:0x80040ca0 x31=0x00000000 PA:0xxxxxxxxx
       15410000	       769	80000a20	03d64403	lbu	x8,61(x12)	 x12:0x80040ca0  x8=0x00000000 PA:0xxxxxxxxx
       15430000	       770	80000a24	00bd94b3	sll	x9,x27,x11	 x27:0x00000000 x11:0x00000000  x9=0x00000000
       15450000	       771	80000a28	02460ea3	sb	x4,61(x12)	 x12:0x80040ca0  x4:0x0000003f PA:0xxxxxxxxx
       15470000	       772	80000a2c	00000013	addi	x0,x0,0	  x0:0x00000000
       15490000	       773	80000a30	40470033	sub	x0,x14,x4	 x14:0x00000000  x4:0x0000003f
       15510000	       774	80000a34	03961023	sh	x25,32(x12)	 x12:0x80040ca0 x25:0x00000000 PA:0xxxxxxxxx
       15550000	       776	80000a38	0004c097	auipc	x1,0x4c	  x1=0x8004ca38
       15570000	       777	80000a3c	f8908093	addi	x1,x1,-119	  x1:0x00000000  x1=0x8004c9c1
       15590000	       778	80000a40	02008923	sb	x0,50(x1)	  x1:0x00000000  x0:0x00000000 PA:0xxxxxxxxx
       15630000	       780	80000a44	fc208483	lb	x9,-62(x1)	  x1:0x8004ca38  x9=0x00000000 PA:0xxxxxxxxx
       15650000	       781	80000a48	008014b3	sll	x9,x0,x8	  x0:0x00000000  x8:0x00000000  x9=0x00000000
       15670000	       782	80000a4c	02d09aa3	sh	x13,53(x1)	  x1:0x8004c9c1 x13:0x80059ce4 PA:0xxxxxxxxx
       15690000	       783	80000a50	00000013	addi	x0,x0,0	  x0:0x00000000
       15710000	       784	80000a54	00d9de13	srli	x28,x19,0xd	 x19:0xe72759fc x28=0x0007393a
       15750000	       786	80000a58	fc909503	lh	x10,-55(x1)	  x1:0x8004c9c1 x10=0x0007393a PA:0xxxxxxxxx
       15770000	       787	80000a5c	aec07017	auipc	x0,0xaec07	
       15790000	       788	80000a60	00569013	slli	x0,x13,0x5	 x13:0x80059ce4
       15810000	       789	80000a64	026081a3	sb	x6,35(x1)	  x1:0x8004c9c1  x6:0x00000001 PA:0xxxxxxxxx
       15870000	       792	80000a68	ff30dd03	lhu	x26,-13(x1)	  x1:0x8004c9c1 x26=0x00000000 PA:0xxxxxxxxx
       15890000	       793	80000a6c	4d97b993	sltiu	x19,x15,1241	 x15:0x00000000 x19=0x00000001
       15910000	       794	80000a70	00eecd33	xor	x26,x29,x14	 x29:0x00000000 x14:0x00000000 x26=0x00000000
       15930000	       795	80000a74	015c1cb3	sll	x25,x24,x21	 x24:0x80055e64 x21:0x00000000 x25=0x80055e64
       15950000	       796	80000a78	00208e83	lb	x29,2(x1)	  x1:0x8004c9c1 x29=0x00000000 PA:0xxxxxxxxx
       15970000	       797	80000a7c	a33a3613	sltiu	x12,x20,-1485	 x20:0x0000003f x12=0x00000001
       15990000	       798	80000a80	4030dcb3	sra	x25,x1,x3	  x1:0x8004c9c1  x3:0x00000000 x25=0x8004c9c1
       16010000	       799	80000a84	0040a5a3	sw	x4,11(x1)	  x1:0x8004c9c1  x4:0x0000003f PA:0xxxxxxxxx
       16030000	       800	80000a88	003c21b3	slt	x3,x24,x3	 x24:0x80055e64  x3:0x00000000  x3=0x00000001
       16050000	       801	80000a8c	fe00cc83	lbu	x25,-32(x1)	  x1:0x8004c9c1 x25=0x00000001 PA:0xxxxxxxxx
       16070000	       802	80000a90	5d5b2b13	slti	x22,x22,1493	 x22:0x00000000 x22=0x00000001
       16110000	       804	80000a94	ff80c383	lbu	x7,-8(x1)	  x1:0x8004c9c1  x7=0x00000001 PA:0xxxxxxxxx
       16130000	       805	80000a98	40d85db3	sra	x27,x16,x13	 x16:0x00000000 x13:0x80059ce4 x27=0x00000000
       16150000	       806	80000a9c	4e8e3193	sltiu	x3,x28,1256	 x28:0x0007393a  x3=0x00000000
       16170000	       807	80000aa0	405ad4b3	sra	x9,x21,x5	 x21:0x00000000  x5:0x00000000  x9=0x00000000
       16190000	       808	80000aa4	3ed88393	addi	x7,x17,1005	 x17:0x00000000  x7=0x000003ed
       16210000	       809	80000aa8	00000013	addi	x0,x0,0	  x0:0x00000000
       16230000	       810	80000aac	00f2a833	slt	x16,x5,x15	  x5:0x00000000 x15:0x00000000 x16=0x00000000
       16250000	       811	80000ab0	2f898193	addi	x3,x19,760	 x19:0x00000001  x3=0x000002f9
       16270000	       812	80000ab4	0166fab3	and	x21,x13,x22	 x13:0x80059ce4 x22:0x00000001 x21=0x00000000
       16310000	       814	80000ab8	01808103	lb	x2,24(x1)	  x1:0x8004c9c1  x2=0x00000000 PA:0xxxxxxxxx
       16330000	       815	80000abc	8d0611b7	lui	x3,0x8d061	  x3=0x8d061000
       16350000	       816	80000ac0	3614ce93	xori	x29,x9,865	  x9:0x00000000 x29=0x00000361
       16370000	       817	80000ac4	01aa2033	slt	x0,x20,x26	 x20:0x0000003f x26:0x00000000
       16390000	       818	80000ac8	00b8db93	srli	x23,x17,0xb	 x17:0x00000000 x23=0x00000000
       16410000	       819	80000acc	e7e06413	ori	x8,x0,-386	  x0:0x00000000  x8=0xfffffe7e
       16430000	       820	80000ad0	4ef8b813	sltiu	x16,x17,1263	 x17:0x00000000 x16=0x00000001
       16450000	       821	80000ad4	03c0a7a3	sw	x28,47(x1)	  x1:0x8004c9c1 x28:0x0007393a PA:0xxxxxxxxx
       16510000	       824	80000ad8	fcb0d503	lhu	x10,-53(x1)	  x1:0x8004c9c1 x10=0x00000000 PA:0xxxxxxxxx
       16530000	       825	80000adc	00040217	auipc	x4,0x40	  x4=0x80040adc
       16550000	       826	80000ae0	d5b20213	addi	x4,x4,-677	  x4:0x0000003f  x4=0x80040837
       16570000	       827	80000ae4	0003f497	auipc	x9,0x3f	  x9=0x8003fae4
       16590000	       828	80000ae8	65648493	addi	x9,x9,1622	  x9:0x00000000  x9=0x8004013a
       16610000	       829	80000aec	00040997	auipc	x19,0x40	 x19=0x80040aec
       16630000	       830	80000af0	c1698993	addi	x19,x19,-1002	 x19:0x00000001 x19=0x80040702
       16650000	       831	80000af4	fd620703	lb	x14,-42(x4)	  x4:0x80040837 x14=0x00000000 PA:0xxxxxxxxx
       16670000	       832	80000af8	fae4c783	lbu	x15,-82(x9)	  x9:0x8004013a x15=0x00000000 PA:0xxxxxxxxx
       16690000	       833	80000afc	fd098123	sb	x16,-62(x19)	 x19:0x80040702 x16:0x00000001 PA:0xxxxxxxxx
       16710000	       834	80000b00	f1d20503	lb	x10,-227(x4)	  x4:0x80040837 x10=0x00000000 PA:0xxxxxxxxx
       16730000	       835	80000b04	00040197	auipc	x3,0x40	  x3=0x80040b04
       16750000	       836	80000b08	9de18193	addi	x3,x3,-1570	  x3:0x8d061000  x3=0x800404e2
       16770000	       837	80000b0c	fea98823	sb	x10,-16(x19)	 x19:0x80040702 x10:0x00000000 PA:0xxxxxxxxx
       16790000	       838	80000b10	fc198c23	sb	x1,-40(x19)	 x19:0x80040702  x1:0x8004c9c1 PA:0xxxxxxxxx
       16810000	       839	80000b14	fcc48923	sb	x12,-46(x9)	  x9:0x8004013a x12:0x00000001 PA:0xxxxxxxxx
       16830000	       840	80000b18	01999123	sh	x25,2(x19)	 x19:0x80040702 x25:0x00000000 PA:0xxxxxxxxx
       16850000	       841	80000b1c	f6c20303	lb	x6,-148(x4)	  x4:0x80040837  x6=0x00000000 PA:0xxxxxxxxx
       16870000	       842	80000b20	5af1c003	lbu	x0,1455(x3)	  x3:0x800404e2 PA:0xxxxxxxxx
       16890000	       843	80000b24	ff998f83	lb	x31,-7(x19)	 x19:0x80040702 x31=0x00000000 PA:0xxxxxxxxx
       16910000	       844	80000b28	f9648ea3	sb	x22,-99(x9)	  x9:0x8004013a x22:0x00000001 PA:0xxxxxxxxx
       16930000	       845	80000b2c	1291ce03	lbu	x28,297(x3)	  x3:0x800404e2 x28=0x00000000 PA:0xxxxxxxxx
       16950000	       846	80000b30	05618283	lb	x5,86(x3)	  x3:0x800404e2  x5=0x00000000 PA:0xxxxxxxxx
       16970000	       847	80000b34	04b48a83	lb	x21,75(x9)	  x9:0x8004013a x21=0x00000000 PA:0xxxxxxxxx
       16990000	       848	80000b38	fc09c083	lbu	x1,-64(x19)	 x19:0x80040702  x1=0x00000000 PA:0xxxxxxxxx
       17010000	       849	80000b3c	04f21e03	lh	x28,79(x4)	  x4:0x80040837 x28=0x00000000 PA:0xxxxxxxxx
       17030000	       850	80000b40	f474cf83	lbu	x31,-185(x9)	  x9:0x8004013a x31=0x00000000 PA:0xxxxxxxxx
       17050000	       851	80000b44	f7318ca3	sb	x19,-135(x3)	  x3:0x800404e2 x19:0x80040702 PA:0xxxxxxxxx
       17070000	       852	80000b48	63f1ce83	lbu	x29,1599(x3)	  x3:0x800404e2 x29=0x00000000 PA:0xxxxxxxxx
       17090000	       853	80000b4c	04e20e23	sb	x14,92(x4)	  x4:0x80040837 x14:0x00000000 PA:0xxxxxxxxx
       17110000	       854	80000b50	ff798ca3	sb	x23,-7(x19)	 x19:0x80040702 x23:0x00000000 PA:0xxxxxxxxx
       17130000	       855	80000b54	08b49623	sh	x11,140(x9)	  x9:0x8004013a x11:0x00000000 PA:0xxxxxxxxx
       17150000	       856	80000b58	f0148e23	sb	x1,-228(x9)	  x9:0x8004013a  x1:0x00000000 PA:0xxxxxxxxx
       17170000	       857	80000b5c	dcc1cb83	lbu	x23,-564(x3)	  x3:0x800404e2 x23=0x00000000 PA:0xxxxxxxxx
       17190000	       858	80000b60	0e020aa3	sb	x0,245(x4)	  x4:0x80040837  x0:0x00000000 PA:0xxxxxxxxx
       17210000	       859	80000b64	01198383	lb	x7,17(x19)	 x19:0x80040702  x7=0x00000000 PA:0xxxxxxxxx
       17230000	       860	80000b68	00620d03	lb	x26,6(x4)	  x4:0x80040837 x26=0x00000000 PA:0xxxxxxxxx
       17250000	       861	80000b6c	03399323	sh	x19,38(x19)	 x19:0x80040702 x19:0x80040702 PA:0xxxxxxxxx
       17270000	       862	80000b70	c661a903	lw	x18,-922(x3)	  x3:0x800404e2 x18=0x00000000 PA:0xxxxxxxxx
       17290000	       863	80000b74	f4720123	sb	x7,-190(x4)	  x4:0x80040837  x7:0x00000000 PA:0xxxxxxxxx
       17310000	       864	80000b78	0ac1c783	lbu	x15,172(x3)	  x3:0x800404e2 x15=0x00000000 PA:0xxxxxxxxx
       17330000	       865	80000b7c	0004e817	auipc	x16,0x4e	 x16=0x8004eb7c
       17350000	       866	80000b80	c2180813	addi	x16,x16,-991	 x16:0x00000001 x16=0x8004e79d
       17370000	       867	80000b84	00084783	lbu	x15,0(x16)	 x16:0x00000001 x15=0x00000000 PA:0xxxxxxxxx
       17390000	       868	80000b88	00000013	addi	x0,x0,0	  x0:0x00000000
       17410000	       869	80000b8c	00a84703	lbu	x14,10(x16)	 x16:0x8004e79d x14=0x00000000 PA:0xxxxxxxxx
       17430000	       870	80000b90	00b80523	sb	x11,10(x16)	 x16:0x8004e79d x11:0x00000000 PA:0xxxxxxxxx
       17450000	       871	80000b94	01880523	sb	x24,10(x16)	 x16:0x8004e79d x24:0x80055e64 PA:0xxxxxxxxx
       17470000	       872	80000b98	9e98a397	auipc	x7,0x9e98a	  x7=0x1e98ab98
       17510000	       874	80000b9c	00a80203	lb	x4,10(x16)	 x16:0x8004e79d  x4=0x1e98ab98 PA:0xxxxxxxxx
       17550000	       876	80000ba0	00a80003	lb	x0,10(x16)	 x16:0x8004e79d PA:0xxxxxxxxx
       17570000	       877	80000ba4	5e73a313	slti	x6,x7,1511	  x7:0x1e98ab98  x6=0x00000000
       17590000	       878	80000ba8	00680603	lb	x12,6(x16)	 x16:0x8004e79d x12=0x00000000 PA:0xxxxxxxxx
       17610000	       879	80000bac	00680223	sb	x6,4(x16)	 x16:0x8004e79d  x6:0x00000000 PA:0xxxxxxxxx
       17630000	       880	80000bb0	fe280f23	sb	x2,-2(x16)	 x16:0x8004e79d  x2:0x00000000 PA:0xxxxxxxxx
       17670000	       882	80000bb4	ff884f83	lbu	x31,-8(x16)	 x16:0x8004e79d x31=0x00000000 PA:0xxxxxxxxx
       17690000	       883	80000bb8	ff884a83	lbu	x21,-8(x16)	 x16:0x8004e79d x21=0x00000000 PA:0xxxxxxxxx
       17710000	       884	80000bbc	004800a3	sb	x4,1(x16)	 x16:0x8004e79d  x4:0x00000064 PA:0xxxxxxxxx
       17730000	       885	80000bc0	00181703	lh	x14,1(x16)	 x16:0x8004e79d x14=0x00000064 PA:0xxxxxxxxx
       17750000	       886	80000bc4	00184183	lbu	x3,1(x16)	 x16:0x8004e79d  x3=0x00000064 PA:0xxxxxxxxx
       17770000	       887	80000bc8	0003f117	auipc	x2,0x3f	  x2=0x8003fbc8
       17790000	       888	80000bcc	4ce10113	addi	x2,x2,1230	  x2:0x00000000  x2=0x80040096
       17810000	       889	80000bd0	a32d6213	ori	x4,x26,-1486	 x26:0x00000000  x4=0xfffffa32
       17830000	       890	80000bd4	12d64793	xori	x15,x12,301	 x12:0x00000000 x15=0x0000012d
       17850000	       891	80000bd8	6fe10c83	lb	x25,1790(x2)	  x2:0x80040096 x25=0x0000012d PA:0xxxxxxxxx
       17870000	       892	80000bdc	27c19617	auipc	x12,0x27c19	 x12=0xa7c19bdc
       17890000	       893	80000be0	51547193	andi	x3,x8,1301	  x8:0xfffffe7e  x3=0x00000414
       17930000	       895	80000be4	0cc10503	lb	x10,204(x2)	  x2:0x80040096 x10=0x00000414 PA:0xxxxxxxxx
       17970000	       897	80000be8	00a49b33	sll	x22,x9,x10	  x9:0x8004013a x10:0x00000000 x22=0x8004013a
       17990000	       898	80000bec	1ed10ba3	sb	x13,503(x2)	  x2:0x80040096 x13:0x80059ce4 PA:0xxxxxxxxx
       18030000	       900	80000bf0	fca11983	lh	x19,-54(x2)	  x2:0x80040096 x19=0x00000000 PA:0xxxxxxxxx
       18050000	       901	80000bf4	29814083	lbu	x1,664(x2)	  x2:0x80040096  x1=0x00000000 PA:0xxxxxxxxx
       18070000	       902	80000bf8	59ab3b93	sltiu	x23,x22,1434	 x22:0x8004013a x23=0x00000000
       18090000	       903	80000bfc	6a615003	lhu	x0,1702(x2)	  x2:0x80040096 PA:0xxxxxxxxx
       18130000	       905	80000c00	66d10503	lb	x10,1645(x2)	  x2:0x80040096 x10=0x00000000 PA:0xxxxxxxxx
       18150000	       906	80000c04	0d510983	lb	x19,213(x2)	  x2:0x80040096 x19=0x00000000 PA:0xxxxxxxxx
       18170000	       907	80000c08	4f910d83	lb	x27,1273(x2)	  x2:0x80040096 x27=0x00000000 PA:0xxxxxxxxx
       18190000	       908	80000c0c	4130de93	srai	x29,x1,0x13	  x1:0x00000000 x29=0x00000000
       18210000	       909	80000c10	4f510583	lb	x11,1269(x2)	  x2:0x80040096 x11=0x00000000 PA:0xxxxxxxxx
       18250000	       911	80000c14	1f310303	lb	x6,499(x2)	  x2:0x80040096  x6=0x00000000 PA:0xxxxxxxxx
       18270000	       912	80000c18	01e2eeb3	or	x29,x5,x30	  x5:0x00000000 x30:0x65d53494 x29=0x65d53494
       18290000	       913	80000c1c	0166a8b3	slt	x17,x13,x22	 x13:0x80059ce4 x22:0x8004013a x17=0x00000000
       18310000	       914	80000c20	003631b3	sltu	x3,x12,x3	 x12:0xa7c19bdc  x3:0x00000414  x3=0x00000000
       18330000	       915	80000c24	00213eb3	sltu	x29,x2,x2	  x2:0x80040096  x2:0x80040096 x29=0x00000000
       18350000	       916	80000c28	50010623	sb	x0,1292(x2)	  x2:0x80040096  x0:0x00000000 PA:0xxxxxxxxx
       18370000	       917	80000c2c	383bb993	sltiu	x19,x23,899	 x23:0x00000000 x19=0x00000001
       18390000	       918	80000c30	42611923	sh	x6,1074(x2)	  x2:0x80040096  x6:0x00000000 PA:0xxxxxxxxx
       18430000	       920	80000c34	4f810d23	sb	x24,1274(x2)	  x2:0x80040096 x24:0x80055e64 PA:0xxxxxxxxx
       18450000	       921	80000c38	004cdeb3	srl	x29,x25,x4	 x25:0x00000000  x4:0xfffffa32 x29=0x00000000
       18490000	       923	80000c3c	1ed14083	lbu	x1,493(x2)	  x2:0x80040096  x1=0x00000000 PA:0xxxxxxxxx
       18510000	       924	80000c40	3c626f97	auipc	x31,0x3c626	 x31=0xbc626c40
       18550000	       926	80000c44	60b10283	lb	x5,1547(x2)	  x2:0x80040096  x5=0xbc626c40 PA:0xxxxxxxxx
       18590000	       928	80000c48	005ea4b3	slt	x9,x29,x5	 x29:0x00000000  x5:0x00000000  x9=0x00000000
       18610000	       929	80000c4c	af0a3f93	sltiu	x31,x20,-1296	 x20:0x0000003f x31=0x00000001
       18650000	       931	80000c50	34a11003	lh	x0,842(x2)	  x2:0x80040096 PA:0xxxxxxxxx
       18690000	       933	80000c54	59110b03	lb	x22,1425(x2)	  x2:0x80040096 x22=0x00000000 PA:0xxxxxxxxx
       18710000	       934	80000c58	fd710483	lb	x9,-41(x2)	  x2:0x80040096  x9=0x00000000 PA:0xxxxxxxxx
       18730000	       935	80000c5c	04110703	lb	x14,65(x2)	  x2:0x80040096 x14=0x00000001 PA:0xxxxxxxxx
       18750000	       936	80000c60	06573393	sltiu	x7,x14,101	 x14:0x00000064  x7=0x00000001
       18790000	       938	80000c64	69612b03	lw	x22,1686(x2)	  x2:0x80040096 x22=0x00000001 PA:0xxxxxxxxx
       18810000	       939	80000c68	af556713	ori	x14,x10,-1291	 x10:0x00000000 x14=0xfffffaf5
       18850000	       941	80000c6c	2fc11583	lh	x11,764(x2)	  x2:0x80040096 x11=0xfffffaf5 PA:0xxxxxxxxx
       18890000	       943	80000c70	12610983	lb	x19,294(x2)	  x2:0x80040096 x19=0x00000000 PA:0xxxxxxxxx
       18910000	       944	80000c74	44710e83	lb	x29,1095(x2)	  x2:0x80040096 x29=0x00000000 PA:0xxxxxxxxx
       18930000	       945	80000c78	01815193	srli	x3,x2,0x18	  x2:0x80040096  x3=0x00000080
       18950000	       946	80000c7c	1c211223	sh	x2,452(x2)	  x2:0x80040096  x2:0x80040096 PA:0xxxxxxxxx
       18990000	       948	80000c80	fd114203	lbu	x4,-47(x2)	  x2:0x80040096  x4=0x00000000 PA:0xxxxxxxxx
       19010000	       949	80000c84	001111b3	sll	x3,x2,x1	  x2:0x80040096  x1:0x00000000  x3=0x80040096
       19030000	       950	80000c88	79414183	lbu	x3,1940(x2)	  x2:0x80040096  x3=0x00000000 PA:0xxxxxxxxx
       19050000	       951	80000c8c	7d710583	lb	x11,2007(x2)	  x2:0x80040096 x11=0x00000000 PA:0xxxxxxxxx
       19070000	       952	80000c90	09a14783	lbu	x15,154(x2)	  x2:0x80040096 x15=0x00000000 PA:0xxxxxxxxx
       19090000	       953	80000c94	0004aa17	auipc	x20,0x4a	 x20=0x8004ac94
       19110000	       954	80000c98	8e5a0a13	addi	x20,x20,-1819	 x20:0x0000003f x20=0x8004a579
       19130000	       955	80000c9c	f7ea4003	lbu	x0,-130(x20)	 x20:0x0000003f PA:0xxxxxxxxx
       19150000	       956	80000ca0	01d593b3	sll	x7,x11,x29	 x11:0x00000000 x29:0x00000000  x7=0x00000000
       19170000	       957	80000ca4	f7ea4183	lbu	x3,-130(x20)	 x20:0x8004a579  x3=0x00000000 PA:0xxxxxxxxx
       19210000	       959	80000ca8	06fa4783	lbu	x15,111(x20)	 x20:0x8004a579 x15=0x00000000 PA:0xxxxxxxxx
       19230000	       960	80000cac	079a27a3	sw	x25,111(x20)	 x20:0x8004a579 x25:0x00000000 PA:0xxxxxxxxx
       19250000	       961	80000cb0	06fa0d83	lb	x27,111(x20)	 x20:0x8004a579 x27=0x00000000 PA:0xxxxxxxxx
       19270000	       962	80000cb4	06fa5383	lhu	x7,111(x20)	 x20:0x8004a579  x7=0x00000000 PA:0xxxxxxxxx
       19290000	       963	80000cb8	00b66fb3	or	x31,x12,x11	 x12:0xa7c19bdc x11:0x00000000 x31=0xa7c19bdc
       19310000	       964	80000cbc	28693413	sltiu	x8,x18,646	 x18:0x00000000  x8=0x00000001
       19330000	       965	80000cc0	06fa27a3	sw	x15,111(x20)	 x20:0x8004a579 x15:0x00000000 PA:0xxxxxxxxx
       19370000	       967	80000cc4	06fa1b83	lh	x23,111(x20)	 x20:0x8004a579 x23=0x00000000 PA:0xxxxxxxxx
       19390000	       968	80000cc8	063a17a3	sh	x3,111(x20)	 x20:0x8004a579  x3:0x00000000 PA:0xxxxxxxxx
       19410000	       969	80000ccc	070a07a3	sb	x16,111(x20)	 x20:0x8004a579 x16:0x8004e79d PA:0xxxxxxxxx
       19430000	       970	80000cd0	06fa5c83	lhu	x25,111(x20)	 x20:0x8004a579 x25=0x0000009d PA:0xxxxxxxxx
       19450000	       971	80000cd4	075a17a3	sh	x21,111(x20)	 x20:0x8004a579 x21:0x00000000 PA:0xxxxxxxxx
       19470000	       972	80000cd8	06fa5d83	lhu	x27,111(x20)	 x20:0x8004a579 x27=0x00000000 PA:0xxxxxxxxx
       19490000	       973	80000cdc	0004b397	auipc	x7,0x4b	  x7=0x8004bcdc
       19510000	       974	80000ce0	d6838393	addi	x7,x7,-664	  x7:0x00000000  x7=0x8004ba44
       19530000	       975	80000ce4	e323ce03	lbu	x28,-462(x7)	  x7:0x00000000 x28=0x00000000 PA:0xxxxxxxxx
       19550000	       976	80000ce8	e3238a03	lb	x20,-462(x7)	  x7:0x8004bcdc x20=0x00000000 PA:0xxxxxxxxx
       19570000	       977	80000cec	8e738d83	lb	x27,-1817(x7)	  x7:0x8004ba44 x27=0x00000000 PA:0xxxxxxxxx
       19590000	       978	80000cf0	8e738d03	lb	x26,-1817(x7)	  x7:0x8004ba44 x26=0x00000000 PA:0xxxxxxxxx
       19610000	       979	80000cf4	015ba533	slt	x10,x23,x21	 x23:0x00000000 x21:0x00000000 x10=0x00000000
       19630000	       980	80000cf8	f3138003	lb	x0,-207(x7)	  x7:0x8004ba44 PA:0xxxxxxxxx
       19650000	       981	80000cfc	f28388a3	sb	x8,-207(x7)	  x7:0x8004ba44  x8:0x00000001 PA:0xxxxxxxxx
       19670000	       982	80000d00	e1d389a3	sb	x29,-493(x7)	  x7:0x8004ba44 x29:0x00000000 PA:0xxxxxxxxx
       19690000	       983	80000d04	001fb1b3	sltu	x3,x31,x1	 x31:0xa7c19bdc  x1:0x00000000  x3=0x00000000
       19730000	       985	80000d08	e1338703	lb	x14,-493(x7)	  x7:0x8004ba44 x14=0x00000000 PA:0xxxxxxxxx
       19770000	       987	80000d0c	4323c303	lbu	x6,1074(x7)	  x7:0x8004ba44  x6=0x00000000 PA:0xxxxxxxxx
       19790000	       988	80000d10	4323c403	lbu	x8,1074(x7)	  x7:0x8004ba44  x8=0x00000000 PA:0xxxxxxxxx
       19810000	       989	80000d14	00040797	auipc	x15,0x40	 x15=0x80040d14
       19830000	       990	80000d18	26578793	addi	x15,x15,613	 x15:0x00000000 x15=0x80040f79
       19850000	       991	80000d1c	03378a23	sb	x19,52(x15)	 x15:0x00000000 x19:0x00000000 PA:0xxxxxxxxx
       19870000	       992	80000d20	03478a03	lb	x20,52(x15)	 x15:0x80040d14 x20=0x00000000 PA:0xxxxxxxxx
       19890000	       993	80000d24	fd578ea3	sb	x21,-35(x15)	 x15:0x80040f79 x21:0x00000000 PA:0xxxxxxxxx
       19910000	       994	80000d28	fcc7c383	lbu	x7,-52(x15)	 x15:0x80040f79  x7=0x00000000 PA:0xxxxxxxxx
       19930000	       995	80000d2c	01bbb233	sltu	x4,x23,x27	 x23:0x00000000 x27:0x00000000  x4=0x00000000
       19950000	       996	80000d30	fcc78c83	lb	x25,-52(x15)	 x15:0x80040f79 x25=0x00000000 PA:0xxxxxxxxx
       19990000	       998	80000d34	04e78483	lb	x9,78(x15)	 x15:0x80040f79  x9=0x00000000 PA:0xxxxxxxxx
       20010000	       999	80000d38	04e7c383	lbu	x7,78(x15)	 x15:0x80040f79  x7=0x00000000 PA:0xxxxxxxxx
       20030000	      1000	80000d3c	04e7c303	lbu	x6,78(x15)	 x15:0x80040f79  x6=0x00000000 PA:0xxxxxxxxx
       20050000	      1001	80000d40	04e7c603	lbu	x12,78(x15)	 x15:0x80040f79 x12=0x00000000 PA:0xxxxxxxxx
       20070000	      1002	80000d44	04e78703	lb	x14,78(x15)	 x15:0x80040f79 x14=0x00000000 PA:0xxxxxxxxx
       20090000	      1003	80000d48	04e78c83	lb	x25,78(x15)	 x15:0x80040f79 x25=0x00000000 PA:0xxxxxxxxx
       20110000	      1004	80000d4c	f3e7c283	lbu	x5,-194(x15)	 x15:0x80040f79  x5=0x00000000 PA:0xxxxxxxxx
       20130000	      1005	80000d50	01478903	lb	x18,20(x15)	 x15:0x80040f79 x18=0x00000000 PA:0xxxxxxxxx
       20150000	      1006	80000d54	f4e78b83	lb	x23,-178(x15)	 x15:0x80040f79 x23=0x00000000 PA:0xxxxxxxxx
       20170000	      1007	80000d58	00043497	auipc	x9,0x43	  x9=0x80043d58
       20190000	      1008	80000d5c	aba48493	addi	x9,x9,-1350	  x9:0x00000000  x9=0x80043812
       20210000	      1009	80000d60	00043d17	auipc	x26,0x43	 x26=0x80043d60
       20230000	      1010	80000d64	d7ed0d13	addi	x26,x26,-642	 x26:0x00000000 x26=0x80043ade
       20250000	      1011	80000d68	fe849f23	sh	x8,-2(x9)	  x9:0x80043812  x8:0x00000000 PA:0xxxxxxxxx
       20270000	      1012	80000d6c	ffad4983	lbu	x19,-6(x26)	 x26:0x80043d60 x19=0x00000000 PA:0xxxxxxxxx
       20290000	      1013	80000d70	01bd2723	sw	x27,14(x26)	 x26:0x80043ade x27:0x00000000 PA:0xxxxxxxxx
       20310000	      1014	80000d74	00041a97	auipc	x21,0x41	 x21=0x80041d74
       20330000	      1015	80000d78	558a8a93	addi	x21,x21,1368	 x21:0x00000000 x21=0x800422cc
       20350000	      1016	80000d7c	ffc48783	lb	x15,-4(x9)	  x9:0x80043812 x15=0x00000000 PA:0xxxxxxxxx
       20370000	      1017	80000d80	0004b917	auipc	x18,0x4b	 x18=0x8004bd80
       20390000	      1018	80000d84	41090913	addi	x18,x18,1040	 x18:0x00000000 x18=0x8004c190
       20410000	      1019	80000d88	00648b83	lb	x23,6(x9)	  x9:0x80043812 x23=0x00000000 PA:0xxxxxxxxx
       20430000	      1020	80000d8c	034a86a3	sb	x20,45(x21)	 x21:0x800422cc x20:0x00000000 PA:0xxxxxxxxx
       20450000	      1021	80000d90	f18a8983	lb	x19,-232(x21)	 x21:0x800422cc x19=0x00000000 PA:0xxxxxxxxx
       20470000	      1022	80000d94	02390d83	lb	x27,35(x18)	 x18:0x8004c190 x27=0x00000000 PA:0xxxxxxxxx
       20490000	      1023	80000d98	fea90823	sb	x10,-16(x18)	 x18:0x8004c190 x10:0x00000000 PA:0xxxxxxxxx
       20510000	      1024	80000d9c	011483a3	sb	x17,7(x9)	  x9:0x80043812 x17:0x00000000 PA:0xxxxxxxxx
       20530000	      1025	80000da0	00fa8383	lb	x7,15(x21)	 x21:0x800422cc  x7=0x00000000 PA:0xxxxxxxxx
       20550000	      1026	80000da4	fe5d0823	sb	x5,-16(x26)	 x26:0x80043ade  x5:0x00000000 PA:0xxxxxxxxx
       20570000	      1027	80000da8	ff7d4203	lbu	x4,-9(x26)	 x26:0x80043ade  x4=0x00000000 PA:0xxxxxxxxx
       20590000	      1028	80000dac	fe1a8323	sb	x1,-26(x21)	 x21:0x800422cc  x1:0x00000000 PA:0xxxxxxxxx
       20610000	      1029	80000db0	fd590423	sb	x21,-56(x18)	 x18:0x8004c190 x21:0x800422cc PA:0xxxxxxxxx
       20630000	      1030	80000db4	ffd48303	lb	x6,-3(x9)	  x9:0x80043812  x6=0x00000000 PA:0xxxxxxxxx
       20650000	      1031	80000db8	000d4583	lbu	x11,0(x26)	 x26:0x80043ade x11=0x00000000 PA:0xxxxxxxxx
       20670000	      1032	80000dbc	0e1a8803	lb	x16,225(x21)	 x21:0x800422cc x16=0x00000000 PA:0xxxxxxxxx
       20690000	      1033	80000dc0	fde95b03	lhu	x22,-34(x18)	 x18:0x8004c190 x22=0x00000000 PA:0xxxxxxxxx
       20710000	      1034	80000dc4	038a9823	sh	x24,48(x21)	 x21:0x800422cc x24:0x80055e64 PA:0xxxxxxxxx
       20730000	      1035	80000dc8	000d4983	lbu	x19,0(x26)	 x26:0x80043ade x19=0x00000000 PA:0xxxxxxxxx
       20750000	      1036	80000dcc	073a80a3	sb	x19,97(x21)	 x21:0x800422cc x19:0x00000000 PA:0xxxxxxxxx
       20770000	      1037	80000dd0	ffb90603	lb	x12,-5(x18)	 x18:0x8004c190 x12=0x00000000 PA:0xxxxxxxxx
       20790000	      1038	80000dd4	ff3d0e83	lb	x29,-13(x26)	 x26:0x80043ade x29=0x00000000 PA:0xxxxxxxxx
       20810000	      1039	80000dd8	ffed0383	lb	x7,-2(x26)	 x26:0x80043ade  x7=0x00000000 PA:0xxxxxxxxx
       20830000	      1040	80000ddc	00047f97	auipc	x31,0x47	 x31=0x80047ddc
       20850000	      1041	80000de0	610f8f93	addi	x31,x31,1552	 x31:0xa7c19bdc x31=0x800483ec
       20870000	      1042	80000de4	018f1013	slli	x0,x30,0x18	 x30:0x65d53494
       20890000	      1043	80000de8	fd4fd503	lhu	x10,-44(x31)	 x31:0x80047ddc x10=0x94000000 PA:0xxxxxxxxx
       20910000	      1044	80000dec	fcff9c23	sh	x15,-40(x31)	 x31:0x800483ec x15:0x00000000 PA:0xxxxxxxxx
       20950000	      1046	80000df0	001f8483	lb	x9,1(x31)	 x31:0x800483ec  x9=0x00000000 PA:0xxxxxxxxx
       20970000	      1047	80000df4	030f89a3	sb	x16,51(x31)	 x31:0x800483ec x16:0x00000000 PA:0xxxxxxxxx
       20990000	      1048	80000df8	00df8883	lb	x17,13(x31)	 x31:0x800483ec x17=0x00000000 PA:0xxxxxxxxx
       21010000	      1049	80000dfc	febfc003	lbu	x0,-21(x31)	 x31:0x800483ec PA:0xxxxxxxxx
       21030000	      1050	80000e00	020faa03	lw	x20,32(x31)	 x31:0x800483ec x20=0x00000000 PA:0xxxxxxxxx
       21050000	      1051	80000e04	00ef9983	lh	x19,14(x31)	 x31:0x800483ec x19=0x00000000 PA:0xxxxxxxxx
       21070000	      1052	80000e08	332e3613	sltiu	x12,x28,818	 x28:0x00000000 x12=0x00000001
       21090000	      1053	80000e0c	004f8eb3	add	x29,x31,x4	 x31:0x800483ec  x4:0x00000000 x29=0x800483ec
       21110000	      1054	80000e10	005c73b3	and	x7,x24,x5	 x24:0x80055e64  x5:0x00000000  x7=0x00000000
       21130000	      1055	80000e14	005cd8b3	srl	x17,x25,x5	 x25:0x00000000  x5:0x00000000 x17=0x00000000
       21150000	      1056	80000e18	00d0f1b3	and	x3,x1,x13	  x1:0x00000000 x13:0x80059ce4  x3=0x00000000
       21170000	      1057	80000e1c	02cf8923	sb	x12,50(x31)	 x31:0x800483ec x12:0x00000001 PA:0xxxxxxxxx
       21190000	      1058	80000e20	00ff8ba3	sb	x15,23(x31)	 x31:0x800483ec x15:0x00000000 PA:0xxxxxxxxx
       21230000	      1060	80000e24	016f9183	lh	x3,22(x31)	 x31:0x800483ec  x3=0x00000000 PA:0xxxxxxxxx
       21250000	      1061	80000e28	fc1fcc83	lbu	x25,-63(x31)	 x31:0x800483ec x25=0x00000000 PA:0xxxxxxxxx
       21270000	      1062	80000e2c	02df8da3	sb	x13,59(x31)	 x31:0x800483ec x13:0x80059ce4 PA:0xxxxxxxxx
       21290000	      1063	80000e30	033fc903	lbu	x18,51(x31)	 x31:0x800483ec x18=0x00000000 PA:0xxxxxxxxx
       21310000	      1064	80000e34	7b88e113	ori	x2,x17,1976	 x17:0x00000000  x2=0x000007b8
       21330000	      1065	80000e38	fcff8483	lb	x9,-49(x31)	 x31:0x800483ec  x9=0x000007b8 PA:0xxxxxxxxx
       21350000	      1066	80000e3c	41820ab3	sub	x21,x4,x24	  x4:0x00000000 x24:0x80055e64 x21=0x7ffaa19c
       21390000	      1068	80000e40	01dfc503	lbu	x10,29(x31)	 x31:0x800483ec x10=0x7ffaa19c PA:0xxxxxxxxx
       21410000	      1069	80000e44	006f8123	sb	x6,2(x31)	 x31:0x800483ec  x6:0x00000000 PA:0xxxxxxxxx
       21430000	      1070	80000e48	41e181b3	sub	x3,x3,x30	  x3:0x00000000 x30:0x65d53494  x3=0x9a2acb6c
       21450000	      1071	80000e4c	d603bd13	sltiu	x26,x7,-672	  x7:0x00000000 x26=0x00000001
       21470000	      1072	80000e50	fd7f87a3	sb	x23,-49(x31)	 x31:0x800483ec x23:0x00000000 PA:0xxxxxxxxx
       21530000	      1075	80000e54	fccfd403	lhu	x8,-52(x31)	 x31:0x800483ec  x8=0x00000000 PA:0xxxxxxxxx
       21550000	      1076	80000e58	00cfc903	lbu	x18,12(x31)	 x31:0x800483ec x18=0x00000000 PA:0xxxxxxxxx
       21570000	      1077	80000e5c	018727b3	slt	x15,x14,x24	 x14:0x00000000 x24:0x80055e64 x15=0x00000000
       21590000	      1078	80000e60	024f8903	lb	x18,36(x31)	 x31:0x800483ec x18=0x00000000 PA:0xxxxxxxxx
       21610000	      1079	80000e64	00252733	slt	x14,x10,x2	 x10:0x00000000  x2:0x000007b8 x14=0x00000001
       21650000	      1081	80000e68	008f9003	lh	x0,8(x31)	 x31:0x800483ec PA:0xxxxxxxxx
       21670000	      1082	80000e6c	ff4f8da3	sb	x20,-5(x31)	 x31:0x800483ec x20:0x00000000 PA:0xxxxxxxxx
       21690000	      1083	80000e70	0004cb97	auipc	x23,0x4c	 x23=0x8004ce70
       21710000	      1084	80000e74	c58b8b93	addi	x23,x23,-936	 x23:0x00000000 x23=0x8004cac8
       21750000	      1086	80000e78	001b8883	lb	x17,1(x23)	 x23:0x00000000 x17=0x00000000 PA:0xxxxxxxxx
       21770000	      1087	80000e7c	7daebe37	lui	x28,0x7daeb	 x28=0x7daeb000
       21790000	      1088	80000e80	b5998297	auipc	x5,0xb5998	  x5=0x35998e80
       21810000	      1089	80000e84	feeb8ba3	sb	x14,-9(x23)	 x23:0x8004cac8 x14:0x00000001 PA:0xxxxxxxxx
       21830000	      1090	80000e88	002c0933	add	x18,x24,x2	 x24:0x80055e64  x2:0x000007b8 x18=0x8005661c
       21870000	      1092	80000e8c	00cbad83	lw	x27,12(x23)	 x23:0x8004cac8 x27=0x00000000 PA:0xxxxxxxxx
       21890000	      1093	80000e90	002bd983	lhu	x19,2(x23)	 x23:0x8004cac8 x19=0x00000000 PA:0xxxxxxxxx
       21910000	      1094	80000e94	ff5b9a23	sh	x21,-12(x23)	 x23:0x8004cac8 x21:0x7ffaa19c PA:0xxxxxxxxx
       21930000	      1095	80000e98	ff2b9923	sh	x18,-14(x23)	 x23:0x8004cac8 x18:0x8005661c PA:0xxxxxxxxx
       21950000	      1096	80000e9c	0035d013	srli	x0,x11,0x3	 x11:0x00000000
       21970000	      1097	80000ea0	de10d797	auipc	x15,0xde10d	 x15=0x5e10dea0
       21990000	      1098	80000ea4	41085793	srai	x15,x16,0x10	 x16:0x00000000 x15=0x00000000
       22010000	      1099	80000ea8	70ccd917	auipc	x18,0x70ccd	 x18=0xf0ccdea8
       22030000	      1100	80000eac	ffab89a3	sb	x26,-13(x23)	 x23:0x8004cac8 x26:0x00000001 PA:0xxxxxxxxx
       22070000	      1102	80000eb0	ff4bd703	lhu	x14,-12(x23)	 x23:0x8004cac8 x14=0x0000a19c PA:0xxxxxxxxx
       22090000	      1103	80000eb4	ff9b8203	lb	x4,-7(x23)	 x23:0x8004cac8  x4=0x00000000 PA:0xxxxxxxxx
       22110000	      1104	80000eb8	ff9b8903	lb	x18,-7(x23)	 x23:0x8004cac8 x18=0x00000000 PA:0xxxxxxxxx
       22130000	      1105	80000ebc	000bdc83	lhu	x25,0(x23)	 x23:0x8004cac8 x25=0x00000000 PA:0xxxxxxxxx
       22150000	      1106	80000ec0	fac38813	addi	x16,x7,-84	  x7:0x00000000 x16=0xffffffac
       22170000	      1107	80000ec4	404357b3	sra	x15,x6,x4	  x6:0x00000000  x4:0x00000000 x15=0x00000000
       22190000	      1108	80000ec8	0006b0b3	sltu	x1,x13,x0	 x13:0x80059ce4  x0:0x00000000  x1=0x00000000
       22210000	      1109	80000ecc	00c13ab3	sltu	x21,x2,x12	  x2:0x000007b8 x12:0x00000001 x21=0x00000000
       22230000	      1110	80000ed0	89332093	slti	x1,x6,-1901	  x6:0x00000000  x1=0x00000000
       22250000	      1111	80000ed4	007bc903	lbu	x18,7(x23)	 x23:0x8004cac8 x18=0x00000000 PA:0xxxxxxxxx
       22290000	      1113	80000ed8	ff3bc783	lbu	x15,-13(x23)	 x23:0x8004cac8 x15=0x00000001 PA:0xxxxxxxxx
       22310000	      1114	80000edc	00898a33	add	x20,x19,x8	 x19:0x00000000  x8:0x00000000 x20=0x00000000
       22330000	      1115	80000ee0	ff3ba823	sw	x19,-16(x23)	 x23:0x8004cac8 x19:0x00000000 PA:0xxxxxxxxx
       22350000	      1116	80000ee4	d79df237	lui	x4,0xd79df	  x4=0xd79df000
       22390000	      1118	80000ee8	ff6b8003	lb	x0,-10(x23)	 x23:0x8004cac8 PA:0xxxxxxxxx
       22410000	      1119	80000eec	01c73033	sltu	x0,x14,x28	 x14:0x0000a19c x28:0x7daeb000
       22450000	      1121	80000ef0	fffb8f83	lb	x31,-1(x23)	 x23:0x8004cac8 x31=0x00000001 PA:0xxxxxxxxx
       22490000	      1123	80000ef4	007b8903	lb	x18,7(x23)	 x23:0x8004cac8 x18=0x00000000 PA:0xxxxxxxxx
       22510000	      1124	80000ef8	ffbb8a23	sb	x27,-12(x23)	 x23:0x8004cac8 x27:0x00000000 PA:0xxxxxxxxx
       22530000	      1125	80000efc	00e6fb33	and	x22,x13,x14	 x13:0x80059ce4 x14:0x0000a19c x22=0x00008084
       22550000	      1126	80000f00	907e3713	sltiu	x14,x28,-1785	 x28:0x7daeb000 x14=0x00000001
       22570000	      1127	80000f04	ffdbc183	lbu	x3,-3(x23)	 x23:0x8004cac8  x3=0x00000001 PA:0xxxxxxxxx
       22610000	      1129	80000f08	010b9e03	lh	x28,16(x23)	 x23:0x8004cac8 x28=0x00000000 PA:0xxxxxxxxx
       22630000	      1130	80000f0c	ff8b8da3	sb	x24,-5(x23)	 x23:0x8004cac8 x24:0x80055e64 PA:0xxxxxxxxx
       22650000	      1131	80000f10	00040d97	auipc	x27,0x40	 x27=0x80040f10
       22670000	      1132	80000f14	c67d8d93	addi	x27,x27,-921	 x27:0x00000000 x27=0x80040b77
       22690000	      1133	80000f18	027dd483	lhu	x9,39(x27)	 x27:0x00000000  x9=0x00000000 PA:0xxxxxxxxx
       22710000	      1134	80000f1c	032dc303	lbu	x6,50(x27)	 x27:0x80040f10  x6=0x00000000 PA:0xxxxxxxxx
       22730000	      1135	80000f20	fe6d8923	sb	x6,-14(x27)	 x27:0x80040b77  x6:0x00000000 PA:0xxxxxxxxx
       22750000	      1136	80000f24	025d8b23	sb	x5,54(x27)	 x27:0x80040b77  x5:0x35998e80 PA:0xxxxxxxxx
       22770000	      1137	80000f28	03ad87a3	sb	x26,47(x27)	 x27:0x80040b77 x26:0x00000001 PA:0xxxxxxxxx
       22790000	      1138	80000f2c	005dd183	lhu	x3,5(x27)	 x27:0x80040b77  x3=0x00000000 PA:0xxxxxxxxx
       22810000	      1139	80000f30	000da2a3	sw	x0,5(x27)	 x27:0x80040b77  x0:0x00000000 PA:0xxxxxxxxx
       22830000	      1140	80000f34	ffddd603	lhu	x12,-3(x27)	 x27:0x80040b77 x12=0x00000000 PA:0xxxxxxxxx
       22850000	      1141	80000f38	038d8c83	lb	x25,56(x27)	 x27:0x80040b77 x25=0x00000000 PA:0xxxxxxxxx
       22870000	      1142	80000f3c	40835713	srai	x14,x6,0x8	  x6:0x00000000 x14=0x00000000
       22890000	      1143	80000f40	ffadca83	lbu	x21,-6(x27)	 x27:0x80040b77 x21=0x00000000 PA:0xxxxxxxxx
       22930000	      1145	80000f44	ff2d8e03	lb	x28,-14(x27)	 x27:0x80040b77 x28=0x00000000 PA:0xxxxxxxxx
       22950000	      1146	80000f48	fecd8d23	sb	x12,-6(x27)	 x27:0x80040b77 x12:0x00000000 PA:0xxxxxxxxx
       22970000	      1147	80000f4c	ffadcb03	lbu	x22,-6(x27)	 x27:0x80040b77 x22=0x00000000 PA:0xxxxxxxxx
       22990000	      1148	80000f50	0004da17	auipc	x20,0x4d	 x20=0x8004df50
       23010000	      1149	80000f54	c98a0a13	addi	x20,x20,-872	 x20:0x00000000 x20=0x8004dbe8
       23030000	      1150	80000f58	ff5a0c83	lb	x25,-11(x20)	 x20:0x00000000 x25=0x00000000 PA:0xxxxxxxxx
       23050000	      1151	80000f5c	004a4203	lbu	x4,4(x20)	 x20:0x8004df50  x4=0x00000000 PA:0xxxxxxxxx
       23070000	      1152	80000f60	feba08a3	sb	x11,-15(x20)	 x20:0x8004dbe8 x11:0x00000000 PA:0xxxxxxxxx
       23090000	      1153	80000f64	00e52db3	slt	x27,x10,x14	 x10:0x00000000 x14:0x00000000 x27=0x00000000
       23110000	      1154	80000f68	0171f0b3	and	x1,x3,x23	  x3:0x00000000 x23:0x8004cac8  x1=0x00000000
       23130000	      1155	80000f6c	000a4783	lbu	x15,0(x20)	 x20:0x8004dbe8 x15=0x00000000 PA:0xxxxxxxxx
       23170000	      1157	80000f70	002a1083	lh	x1,2(x20)	 x20:0x8004dbe8  x1=0x00000000 PA:0xxxxxxxxx
       23190000	      1158	80000f74	ff6a5383	lhu	x7,-10(x20)	 x20:0x8004dbe8  x7=0x00000000 PA:0xxxxxxxxx
       23210000	      1159	80000f78	ff1a08a3	sb	x17,-15(x20)	 x20:0x8004dbe8 x17:0x00000000 PA:0xxxxxxxxx
       23230000	      1160	80000f7c	40d3df93	srai	x31,x7,0xd	  x7:0x00000000 x31=0x00000000
       23250000	      1161	80000f80	ffea1a23	sh	x30,-12(x20)	 x20:0x8004dbe8 x30:0x65d53494 PA:0xxxxxxxxx
       23270000	      1162	80000f84	f5fb2a97	auipc	x21,0xf5fb2	 x21=0x75fb2f84
       23310000	      1164	80000f88	010a4783	lbu	x15,16(x20)	 x20:0x8004dbe8 x15=0x75fb2f84 PA:0xxxxxxxxx
       23330000	      1165	80000f8c	01ef8cb3	add	x25,x31,x30	 x31:0x00000000 x30:0x65d53494 x25=0x65d53494
       23350000	      1166	80000f90	fe6a0c23	sb	x6,-8(x20)	 x20:0x8004dbe8  x6:0x00000000 PA:0xxxxxxxxx
       23410000	      1169	80000f94	ffea1503	lh	x10,-2(x20)	 x20:0x8004dbe8 x10=0x00000000 PA:0xxxxxxxxx
       23430000	      1170	80000f98	00000013	addi	x0,x0,0	  x0:0x00000000
       23450000	      1171	80000f9c	c580bc93	sltiu	x25,x1,-936	  x1:0x00000000 x25=0x00000001
       23470000	      1172	80000fa0	feaa2823	sw	x10,-16(x20)	 x20:0x8004dbe8 x10:0x00000000 PA:0xxxxxxxxx
       23490000	      1173	80000fa4	000a5eb3	srl	x29,x20,x0	 x20:0x8004dbe8  x0:0x00000000 x29=0x8004dbe8
       23510000	      1174	80000fa8	00fa00a3	sb	x15,1(x20)	 x20:0x8004dbe8 x15:0x00000000 PA:0xxxxxxxxx
       23530000	      1175	80000fac	01133d33	sltu	x26,x6,x17	  x6:0x00000000 x17:0x00000000 x26=0x00000000
       23570000	      1177	80000fb0	ff8a0703	lb	x14,-8(x20)	 x20:0x8004dbe8 x14=0x00000000 PA:0xxxxxxxxx
       23610000	      1179	80000fb4	004a0283	lb	x5,4(x20)	 x20:0x8004dbe8  x5=0x00000000 PA:0xxxxxxxxx
       23630000	      1180	80000fb8	91fa4113	xori	x2,x20,-1761	 x20:0x8004dbe8  x2=0x7ffb22f7
       23650000	      1181	80000fbc	003a4803	lbu	x16,3(x20)	 x20:0x8004dbe8 x16=0x7ffb22f7 PA:0xxxxxxxxx
       23670000	      1182	80000fc0	00040617	auipc	x12,0x40	 x12=0x80040fc0
       23690000	      1183	80000fc4	fb260613	addi	x12,x12,-78	 x12:0x00000000 x12=0x80040f72
       23730000	      1185	80000fc8	f9964e83	lbu	x29,-103(x12)	 x12:0x00000000 x29=0x00000000 PA:0xxxxxxxxx
       23750000	      1186	80000fcc	f4060883	lb	x17,-192(x12)	 x12:0x80040fc0 x17=0x00000000 PA:0xxxxxxxxx
       23770000	      1187	80000fd0	f4061883	lh	x17,-192(x12)	 x12:0x80040f72 x17=0x00000000 PA:0xxxxxxxxx
       23790000	      1188	80000fd4	f7c61703	lh	x14,-132(x12)	 x12:0x80040f72 x14=0x00000000 PA:0xxxxxxxxx
       23810000	      1189	80000fd8	f6a62f23	sw	x10,-130(x12)	 x12:0x80040f72 x10:0x00000000 PA:0xxxxxxxxx
       23830000	      1190	80000fdc	f7e62103	lw	x2,-130(x12)	 x12:0x80040f72  x2=0x00000000 PA:0xxxxxxxxx
       23850000	      1191	80000fe0	014c9b93	slli	x23,x25,0x14	 x25:0x00000001 x23=0x00100000
       23870000	      1192	80000fe4	f6060983	lb	x19,-160(x12)	 x12:0x80040f72 x19=0x00100000 PA:0xxxxxxxxx
       23890000	      1193	80000fe8	012b7833	and	x16,x22,x18	 x22:0x00000000 x18:0x00000000 x16=0x00000000
       23910000	      1194	80000fec	0b4603a3	sb	x20,167(x12)	 x12:0x80040f72 x20:0x8004dbe8 PA:0xxxxxxxxx
       23950000	      1196	80000ff0	0022fa33	and	x20,x5,x2	  x5:0x00000000  x2:0x00000000 x20=0x00000000
       23990000	      1198	80000ff4	f0865803	lhu	x16,-248(x12)	 x12:0x80040f72 x16=0x00000000 PA:0xxxxxxxxx
       24030000	      1200	80000ff8	09f64d03	lbu	x26,159(x12)	 x12:0x80040f72 x26=0x00000000 PA:0xxxxxxxxx
       24050000	      1201	80000ffc	40d85e93	srai	x29,x16,0xd	 x16:0x00000000 x29=0x00000000
       24070000	      1202	80001000	03860223	sb	x24,36(x12)	 x12:0x80040f72 x24:0x80055e64 PA:0xxxxxxxxx
       24110000	      1204	80001004	fb060183	lb	x3,-80(x12)	 x12:0x80040f72  x3=0x00000000 PA:0xxxxxxxxx
       24130000	      1205	80001008	00044117	auipc	x2,0x44	  x2=0x80045008
       24150000	      1206	8000100c	56910113	addi	x2,x2,1385	  x2:0x00000000  x2=0x80045571
       24170000	      1207	80001010	00514583	lbu	x11,5(x2)	  x2:0x00000000 x11=0x00000000 PA:0xxxxxxxxx
       24190000	      1208	80001014	a5463b17	auipc	x22,0xa5463	 x22=0x25464014
       24210000	      1209	80001018	ff110283	lb	x5,-15(x2)	  x2:0x80045571  x5=0x25464014 PA:0xxxxxxxxx
       24230000	      1210	8000101c	007d14b3	sll	x9,x26,x7	 x26:0x00000000  x7:0x00000000  x9=0x00000000
       24270000	      1212	80001020	ff115883	lhu	x17,-15(x2)	  x2:0x80045571 x17=0x00000000 PA:0xxxxxxxxx
       24290000	      1213	80001024	40875733	sra	x14,x14,x8	 x14:0x00000000  x8:0x00000000 x14=0x00000000
       24330000	      1215	80001028	00614383	lbu	x7,6(x2)	  x2:0x80045571  x7=0x00000000 PA:0xxxxxxxxx
       24350000	      1216	8000102c	101ff093	andi	x1,x31,257	 x31:0x00000000  x1=0x00000000
       24390000	      1218	80001030	ff410303	lb	x6,-12(x2)	  x2:0x80045571  x6=0x00000000 PA:0xxxxxxxxx
       24430000	      1220	80001034	00214183	lbu	x3,2(x2)	  x2:0x80045571  x3=0x00000000 PA:0xxxxxxxxx
       24450000	      1221	80001038	4088d813	srai	x16,x17,0x8	 x17:0x00000000 x16=0x00000000
       24470000	      1222	8000103c	ff411fa3	sh	x20,-1(x2)	  x2:0x80045571 x20:0x00000000 PA:0xxxxxxxxx
       24490000	      1223	80001040	ff510aa3	sb	x21,-11(x2)	  x2:0x80045571 x21:0x75fb2f84 PA:0xxxxxxxxx
       24510000	      1224	80001044	00cca233	slt	x4,x25,x12	 x25:0x00000001 x12:0x80040f72  x4=0x00000000
       24550000	      1226	80001048	00014283	lbu	x5,0(x2)	  x2:0x80045571  x5=0x00000000 PA:0xxxxxxxxx
       24570000	      1227	8000104c	0089d5b3	srl	x11,x19,x8	 x19:0x00000000  x8:0x00000000 x11=0x00000000
       24590000	      1228	80001050	1acb2a93	slti	x21,x22,428	 x22:0x25464014 x21=0x00000000
       24610000	      1229	80001054	e389f893	andi	x17,x19,-456	 x19:0x00000000 x17=0x00000000
       24630000	      1230	80001058	fea10fa3	sb	x10,-1(x2)	  x2:0x80045571 x10:0x00000000 PA:0xxxxxxxxx
       24670000	      1232	8000105c	4651a993	slti	x19,x3,1125	  x3:0x00000000 x19=0x00000001
       24690000	      1233	80001060	35480393	addi	x7,x16,852	 x16:0x00000000  x7=0x00000354
       24710000	      1234	80001064	013f0d33	add	x26,x30,x19	 x30:0x65d53494 x19:0x00000000 x26=0x65d53495
       24750000	      1236	80001068	ff214303	lbu	x6,-14(x2)	  x2:0x80045571  x6=0x65d53495 PA:0xxxxxxxxx
       24770000	      1237	8000106c	0072b7b3	sltu	x15,x5,x7	  x5:0x00000000  x7:0x00000354 x15=0x00000001
       24790000	      1238	80001070	00b111a3	sh	x11,3(x2)	  x2:0x80045571 x11:0x00000000 PA:0xxxxxxxxx
       24850000	      1241	80001074	00712203	lw	x4,7(x2)	  x2:0x80045571  x4=0x00000000 PA:0xxxxxxxxx
       24870000	      1242	80001078	006d2333	slt	x6,x26,x6	 x26:0x65d53495  x6:0x00000000  x6=0x00000000
       24890000	      1243	8000107c	384b6413	ori	x8,x22,900	 x22:0x25464014  x8=0x25464394
       24910000	      1244	80001080	01bc5633	srl	x12,x24,x27	 x24:0x80055e64 x27:0x00000000 x12=0x80055e64
       24930000	      1245	80001084	016379b3	and	x19,x6,x22	  x6:0x00000000 x22:0x25464014 x19=0x00000000
       24950000	      1246	80001088	add0fe97	auipc	x29,0xadd0f	 x29=0x2dd10088
       24970000	      1247	8000108c	014117a3	sh	x20,15(x2)	  x2:0x80045571 x20:0x00000000 PA:0xxxxxxxxx
       24990000	      1248	80001090	01413bb3	sltu	x23,x2,x20	  x2:0x80045571 x20:0x00000000 x23=0x00000000
       25030000	      1250	80001094	fff10d03	lb	x26,-1(x2)	  x2:0x80045571 x26=0x00000000 PA:0xxxxxxxxx
       25050000	      1251	80001098	ed8b2b93	slti	x23,x22,-296	 x22:0x25464014 x23=0x00000000
       25070000	      1252	8000109c	013dda13	srli	x20,x27,0x13	 x27:0x00000000 x20=0x00000000
       25110000	      1254	800010a0	ff510383	lb	x7,-11(x2)	  x2:0x80045571  x7=0x00000000 PA:0xxxxxxxxx
       25130000	      1255	800010a4	967fbe37	lui	x28,0x967fb	 x28=0x967fb000
       25170000	      1257	800010a8	ff614d83	lbu	x27,-10(x2)	  x2:0x80045571 x27=0x967fb000 PA:0xxxxxxxxx
       25190000	      1258	800010ac	0004a117	auipc	x2,0x4a	  x2=0x8004b0ac
       25210000	      1259	800010b0	d1b10113	addi	x2,x2,-741	  x2:0x80045571  x2=0x8004adc7
       25250000	      1261	800010b4	fa810a03	lb	x20,-88(x2)	  x2:0x80045571 x20=0x00000000 PA:0xxxxxxxxx
       25270000	      1262	800010b8	40378233	sub	x4,x15,x3	 x15:0x00000001  x3:0x00000000  x4=0x00000001
       25290000	      1263	800010bc	00b56933	or	x18,x10,x11	 x10:0x00000000 x11:0x00000000 x18=0x00000000
       25310000	      1264	800010c0	f0711783	lh	x15,-249(x2)	  x2:0x8004adc7 x15=0x00000000 PA:0xxxxxxxxx
       25330000	      1265	800010c4	0100c433	xor	x8,x1,x16	  x1:0x00000000 x16:0x00000000  x8=0x00000000
       25350000	      1266	800010c8	00a27a33	and	x20,x4,x10	  x4:0x00000001 x10:0x00000000 x20=0x00000000
       25370000	      1267	800010cc	00000013	addi	x0,x0,0	  x0:0x00000000
       25390000	      1268	800010d0	67fc7093	andi	x1,x24,1663	 x24:0x80055e64  x1=0x00000664
       25410000	      1269	800010d4	012673b3	and	x7,x12,x18	 x12:0x80055e64 x18:0x00000000  x7=0x00000000
       25430000	      1270	800010d8	a7978513	addi	x10,x15,-1415	 x15:0x00000000 x10=0xfffffa79
       25450000	      1271	800010dc	004a0733	add	x14,x20,x4	 x20:0x00000000  x4:0x00000001 x14=0x00000001
       25470000	      1272	800010e0	00000013	addi	x0,x0,0	  x0:0x00000000
       25490000	      1273	800010e4	0ee10623	sb	x14,236(x2)	  x2:0x8004adc7 x14:0x00000000 PA:0xxxxxxxxx
       25530000	      1275	800010e8	0a1102a3	sb	x1,165(x2)	  x2:0x8004adc7  x1:0x00000664 PA:0xxxxxxxxx
       25570000	      1277	800010ec	05410903	lb	x18,84(x2)	  x2:0x8004adc7 x18=0x00000000 PA:0xxxxxxxxx
       25590000	      1278	800010f0	00d76e33	or	x28,x14,x13	 x14:0x00000001 x13:0x80059ce4 x28=0x80059ce5
       25610000	      1279	800010f4	0c711e03	lh	x28,199(x2)	  x2:0x8004adc7 x28=0x00000000 PA:0xxxxxxxxx
       25630000	      1280	800010f8	b28c8b97	auipc	x23,0xb28c8	 x23=0x328c90f8
       25650000	      1281	800010fc	07214283	lbu	x5,114(x2)	  x2:0x8004adc7  x5=0x328c90f8 PA:0xxxxxxxxx
       25670000	      1282	80001100	f4810723	sb	x8,-178(x2)	  x2:0x8004adc7  x8:0x00000000 PA:0xxxxxxxxx
       25690000	      1283	80001104	027106a3	sb	x7,45(x2)	  x2:0x8004adc7  x7:0x00000000 PA:0xxxxxxxxx
       25710000	      1284	80001108	0061b633	sltu	x12,x3,x6	  x3:0x00000000  x6:0x00000000 x12=0x00000000
       25730000	      1285	8000110c	9f1cb813	sltiu	x16,x25,-1551	 x25:0x00000001 x16=0x00000001
       25770000	      1287	80001110	00514b03	lbu	x22,5(x2)	  x2:0x8004adc7 x22=0x00000001 PA:0xxxxxxxxx
       25790000	      1288	80001114	18649217	auipc	x4,0x18649	  x4=0x9864a114
       25810000	      1289	80001118	4495f613	andi	x12,x11,1097	 x11:0x00000000 x12=0x00000000
       25830000	      1290	8000111c	04811fa3	sh	x8,95(x2)	  x2:0x8004adc7  x8:0x00000000 PA:0xxxxxxxxx
       25890000	      1293	80001120	f9314703	lbu	x14,-109(x2)	  x2:0x8004adc7 x14=0x00000000 PA:0xxxxxxxxx
       25910000	      1294	80001124	09410483	lb	x9,148(x2)	  x2:0x8004adc7  x9=0x00000000 PA:0xxxxxxxxx
       25930000	      1295	80001128	fb314203	lbu	x4,-77(x2)	  x2:0x8004adc7  x4=0x00000000 PA:0xxxxxxxxx
       25950000	      1296	8000112c	0cd15303	lhu	x6,205(x2)	  x2:0x8004adc7  x6=0x00000000 PA:0xxxxxxxxx
       25970000	      1297	80001130	ff214383	lbu	x7,-14(x2)	  x2:0x8004adc7  x7=0x00000000 PA:0xxxxxxxxx
       25990000	      1298	80001134	a1822513	slti	x10,x4,-1512	  x4:0x00000000 x10=0x00000000
       26010000	      1299	80001138	05c118a3	sh	x28,81(x2)	  x2:0x8004adc7 x28:0x00000000 PA:0xxxxxxxxx
       26030000	      1300	8000113c	84a8c193	xori	x3,x17,-1974	 x17:0x00000000  x3=0xfffff84a
       26050000	      1301	80001140	418754b3	sra	x9,x14,x24	 x14:0x00000000 x24:0x80055e64  x9=0x00000000
       26070000	      1302	80001144	01295213	srli	x4,x18,0x12	 x18:0x00000000  x4=0x00000000
       26110000	      1304	80001148	03014f83	lbu	x31,48(x2)	  x2:0x8004adc7 x31=0x00000000 PA:0xxxxxxxxx
       26130000	      1305	8000114c	ffb10a23	sb	x27,-12(x2)	  x2:0x8004adc7 x27:0x00000000 PA:0xxxxxxxxx
       26150000	      1306	80001150	065102a3	sb	x5,101(x2)	  x2:0x8004adc7  x5:0x00000000 PA:0xxxxxxxxx
       26170000	      1307	80001154	01882733	slt	x14,x16,x24	 x16:0x00000001 x24:0x80055e64 x14=0x00000000
       26190000	      1308	80001158	408c0b33	sub	x22,x24,x8	 x24:0x80055e64  x8:0x00000000 x22=0x80055e64
       26210000	      1309	8000115c	f9710623	sb	x23,-116(x2)	  x2:0x8004adc7 x23:0x328c90f8 PA:0xxxxxxxxx
       26250000	      1311	80001160	f3c10083	lb	x1,-196(x2)	  x2:0x8004adc7  x1=0x00000000 PA:0xxxxxxxxx
       26270000	      1312	80001164	fbf15a83	lhu	x21,-65(x2)	  x2:0x8004adc7 x21=0x00000000 PA:0xxxxxxxxx
       26290000	      1313	80001168	14044513	xori	x10,x8,320	  x8:0x00000000 x10=0x00000140
       26310000	      1314	8000116c	0f7118a3	sh	x23,241(x2)	  x2:0x8004adc7 x23:0x328c90f8 PA:0xxxxxxxxx
       26330000	      1315	80001170	00000013	addi	x0,x0,0	  x0:0x00000000
       26370000	      1317	80001174	0d810b83	lb	x23,216(x2)	  x2:0x8004adc7 x23=0x00000000 PA:0xxxxxxxxx
       26390000	      1318	80001178	010dd233	srl	x4,x27,x16	 x27:0x00000000 x16:0x00000001  x4=0x00000000
       26430000	      1320	8000117c	0ef14183	lbu	x3,239(x2)	  x2:0x8004adc7  x3=0x00000000 PA:0xxxxxxxxx
       26470000	      1322	80001180	f7810503	lb	x10,-136(x2)	  x2:0x8004adc7 x10=0x00000000 PA:0xxxxxxxxx
       26490000	      1323	80001184	f1110ba3	sb	x17,-233(x2)	  x2:0x8004adc7 x17:0x00000000 PA:0xxxxxxxxx
       26510000	      1324	80001188	08814383	lbu	x7,136(x2)	  x2:0x8004adc7  x7=0x00000000 PA:0xxxxxxxxx
       26530000	      1325	8000118c	00041597	auipc	x11,0x41	 x11=0x8004218c
       26550000	      1326	80001190	49858593	addi	x11,x11,1176	 x11:0x00000000 x11=0x80042624
       26570000	      1327	80001194	fef5a823	sw	x15,-16(x11)	 x11:0x00000000 x15:0x00000000 PA:0xxxxxxxxx
       26590000	      1328	80001198	002e2cb3	slt	x25,x28,x2	 x28:0x00000000  x2:0x8004adc7 x25=0x00000000
       26610000	      1329	8000119c	ffa5ca03	lbu	x20,-6(x11)	 x11:0x80042624 x20=0x00000000 PA:0xxxxxxxxx
       26650000	      1331	800011a0	0045c783	lbu	x15,4(x11)	 x11:0x80042624 x15=0x00000000 PA:0xxxxxxxxx
       26670000	      1332	800011a4	008580a3	sb	x8,1(x11)	 x11:0x80042624  x8:0x00000000 PA:0xxxxxxxxx
       26690000	      1333	800011a8	fe358ca3	sb	x3,-7(x11)	 x11:0x80042624  x3:0x00000000 PA:0xxxxxxxxx
       26710000	      1334	800011ac	01559723	sh	x21,14(x11)	 x11:0x80042624 x21:0x00000000 PA:0xxxxxxxxx
       26730000	      1335	800011b0	012c18b3	sll	x17,x24,x18	 x24:0x80055e64 x18:0x00000000 x17=0x80055e64
       26750000	      1336	800011b4	ffc5d703	lhu	x14,-4(x11)	 x11:0x80042624 x14=0x00000000 PA:0xxxxxxxxx
       26770000	      1337	800011b8	01959123	sh	x25,2(x11)	 x11:0x80042624 x25:0x00000000 PA:0xxxxxxxxx
       26790000	      1338	800011bc	4811f893	andi	x17,x3,1153	  x3:0x00000000 x17=0x00000000
       26810000	      1339	800011c0	00014833	xor	x16,x2,x0	  x2:0x8004adc7  x0:0x00000000 x16=0x8004adc7
       26830000	      1340	800011c4	00358723	sb	x3,14(x11)	 x11:0x80042624  x3:0x00000000 PA:0xxxxxxxxx
       26850000	      1341	800011c8	002585a3	sb	x2,11(x11)	 x11:0x80042624  x2:0x8004adc7 PA:0xxxxxxxxx
       26870000	      1342	800011cc	0035ce83	lbu	x29,3(x11)	 x11:0x80042624 x29=0x00000000 PA:0xxxxxxxxx
       26890000	      1343	800011d0	016587a3	sb	x22,15(x11)	 x11:0x80042624 x22:0x80055e64 PA:0xxxxxxxxx
       26910000	      1344	800011d4	af95ad13	slti	x26,x11,-1287	 x11:0x80042624 x26=0x00000001
       26930000	      1345	800011d8	002644b3	xor	x9,x12,x2	 x12:0x00000000  x2:0x8004adc7  x9=0x8004adc7
       26950000	      1346	800011dc	ffa59483	lh	x9,-6(x11)	 x11:0x80042624  x9=0x00000000 PA:0xxxxxxxxx
       26970000	      1347	800011e0	ffb5c903	lbu	x18,-5(x11)	 x11:0x80042624 x18=0x00000000 PA:0xxxxxxxxx
       26990000	      1348	800011e4	00d5c003	lbu	x0,13(x11)	 x11:0x80042624 PA:0xxxxxxxxx
       27010000	      1349	800011e8	ff858203	lb	x4,-8(x11)	 x11:0x80042624  x4=0x00000000 PA:0xxxxxxxxx
       27030000	      1350	800011ec	68cbce97	auipc	x29,0x68cbc	 x29=0xe8cbd1ec
       27050000	      1351	800011f0	01658123	sb	x22,2(x11)	 x11:0x80042624 x22:0x80055e64 PA:0xxxxxxxxx
       27090000	      1353	800011f4	00c5c983	lbu	x19,12(x11)	 x11:0x80042624 x19=0x00000000 PA:0xxxxxxxxx
       27110000	      1354	800011f8	00e59f83	lh	x31,14(x11)	 x11:0x80042624 x31=0x00006400 PA:0xxxxxxxxx
       27130000	      1355	800011fc	003583a3	sb	x3,7(x11)	 x11:0x80042624  x3:0x00000000 PA:0xxxxxxxxx
       27150000	      1356	80001200	00971b93	slli	x23,x14,0x9	 x14:0x00000000 x23=0x00000000
       27170000	      1357	80001204	ff05dd03	lhu	x26,-16(x11)	 x11:0x80042624 x26=0x00000000 PA:0xxxxxxxxx
       27190000	      1358	80001208	0045a823	sw	x4,16(x11)	 x11:0x80042624  x4:0x00000000 PA:0xxxxxxxxx
       27210000	      1359	8000120c	fed58f23	sb	x13,-2(x11)	 x11:0x80042624 x13:0x80059ce4 PA:0xxxxxxxxx
       27230000	      1360	80001210	48c08037	lui	x0,0x48c08	
       27270000	      1362	80001214	00d58b03	lb	x22,13(x11)	 x11:0x80042624 x22=0x48c08000 PA:0xxxxxxxxx
       27290000	      1363	80001218	00f8d733	srl	x14,x17,x15	 x17:0x00000000 x15:0x00000000 x14=0x00000000
       27330000	      1365	8000121c	00b58483	lb	x9,11(x11)	 x11:0x80042624  x9=0x00000000 PA:0xxxxxxxxx
       27350000	      1366	80001220	0004f817	auipc	x16,0x4f	 x16=0x80050220
       27370000	      1367	80001224	62d80813	addi	x16,x16,1581	 x16:0x8004adc7 x16=0x8005084d
       27410000	      1369	80001228	00b81783	lh	x15,11(x16)	 x16:0x8004adc7 x15=0x00000000 PA:0xxxxxxxxx
       27430000	      1370	8000122c	00041417	auipc	x8,0x41	  x8=0x8004222c
       27450000	      1371	80001230	84240413	addi	x8,x8,-1982	  x8:0x00000000  x8=0x80041a6e
       27470000	      1372	80001234	00043d17	auipc	x26,0x43	 x26=0x80044234
       27490000	      1373	80001238	c6fd0d13	addi	x26,x26,-913	 x26:0x00000000 x26=0x80043ea3
       27510000	      1374	8000123c	ff080923	sb	x16,-14(x16)	 x16:0x8005084d x16:0x8005084d PA:0xxxxxxxxx
       27530000	      1375	80001240	ffc409a3	sb	x28,-13(x8)	  x8:0x80041a6e x28:0x00000000 PA:0xxxxxxxxx
       27550000	      1376	80001244	01d807a3	sb	x29,15(x16)	 x16:0x8005084d x29:0xe8cbd1ec PA:0xxxxxxxxx
       27570000	      1377	80001248	00041323	sh	x0,6(x8)	  x8:0x80041a6e  x0:0x00000000 PA:0xxxxxxxxx
       27590000	      1378	8000124c	004d0583	lb	x11,4(x26)	 x26:0x80043ea3 x11=0x00000000 PA:0xxxxxxxxx
       27610000	      1379	80001250	00f40623	sb	x15,12(x8)	  x8:0x80041a6e x15:0x00000000 PA:0xxxxxxxxx
       27630000	      1380	80001254	fee80b23	sb	x14,-10(x16)	 x16:0x8005084d x14:0x00000000 PA:0xxxxxxxxx
       27650000	      1381	80001258	01080703	lb	x14,16(x16)	 x16:0x8005084d x14=0x00000000 PA:0xxxxxxxxx
       27670000	      1382	8000125c	002d4583	lbu	x11,2(x26)	 x26:0x80043ea3 x11=0x00000000 PA:0xxxxxxxxx
       27690000	      1383	80001260	ffc40aa3	sb	x28,-11(x8)	  x8:0x80041a6e x28:0x00000000 PA:0xxxxxxxxx
       27710000	      1384	80001264	00284483	lbu	x9,2(x16)	 x16:0x8005084d  x9=0x00000000 PA:0xxxxxxxxx
       27730000	      1385	80001268	00140283	lb	x5,1(x8)	  x8:0x80041a6e  x5=0x00000000 PA:0xxxxxxxxx
       27750000	      1386	8000126c	ff984d83	lbu	x27,-7(x16)	 x16:0x8005084d x27=0x00000000 PA:0xxxxxxxxx
       27770000	      1387	80001270	00241023	sh	x2,0(x8)	  x8:0x80041a6e  x2:0x8004adc7 PA:0xxxxxxxxx
       27790000	      1388	80001274	ff8d4003	lbu	x0,-8(x26)	 x26:0x80043ea3 PA:0xxxxxxxxx
       27810000	      1389	80001278	ff644783	lbu	x15,-10(x8)	  x8:0x80041a6e x15=0x00000000 PA:0xxxxxxxxx
       27830000	      1390	8000127c	002407a3	sb	x2,15(x8)	  x8:0x80041a6e  x2:0x8004adc7 PA:0xxxxxxxxx
       27850000	      1391	80001280	00641483	lh	x9,6(x8)	  x8:0x80041a6e  x9=0x00000000 PA:0xxxxxxxxx
       27870000	      1392	80001284	ffd40783	lb	x15,-3(x8)	  x8:0x80041a6e x15=0x00000000 PA:0xxxxxxxxx
       27890000	      1393	80001288	ff081ca3	sh	x16,-7(x16)	 x16:0x8005084d x16:0x8005084d PA:0xxxxxxxxx
       27910000	      1394	8000128c	01dd13a3	sh	x29,7(x26)	 x26:0x80043ea3 x29:0xe8cbd1ec PA:0xxxxxxxxx
       27930000	      1395	80001290	015811a3	sh	x21,3(x16)	 x16:0x8005084d x21:0x00000000 PA:0xxxxxxxxx
       27950000	      1396	80001294	fe781aa3	sh	x7,-11(x16)	 x16:0x8005084d  x7:0x00000000 PA:0xxxxxxxxx
       27970000	      1397	80001298	ff6d4983	lbu	x19,-10(x26)	 x26:0x80043ea3 x19=0x00000000 PA:0xxxxxxxxx
       27990000	      1398	8000129c	00040497	auipc	x9,0x40	  x9=0x8004129c
       28010000	      1399	800012a0	da448493	addi	x9,x9,-604	  x9:0x00000000  x9=0x80041040
       28030000	      1400	800012a4	fed4a823	sw	x13,-16(x9)	  x9:0x00000000 x13:0x80059ce4 PA:0xxxxxxxxx
       28050000	      1401	800012a8	41b3d1b3	sra	x3,x7,x27	  x7:0x00000000 x27:0x00000000  x3=0x00000000
       28070000	      1402	800012ac	fee49d23	sh	x14,-6(x9)	  x9:0x80041040 x14:0x00000000 PA:0xxxxxxxxx
       28110000	      1404	800012b0	ffa4df83	lhu	x31,-6(x9)	  x9:0x80041040 x31=0x00000000 PA:0xxxxxxxxx
       28130000	      1405	800012b4	e85f9c97	auipc	x25,0xe85f9	 x25=0x685fa2b4
       28150000	      1406	800012b8	01f683b3	add	x7,x13,x31	 x13:0x80059ce4 x31:0x00006400  x7=0x80059ce4
       28170000	      1407	800012bc	26ff6013	ori	x0,x30,623	 x30:0x65d53494
       28190000	      1408	800012c0	fe749d23	sh	x7,-6(x9)	  x9:0x80041040  x7:0x00000000 PA:0xxxxxxxxx
       28210000	      1409	800012c4	00585833	srl	x16,x16,x5	 x16:0x8005084d  x5:0x00000000 x16=0x8005084d
       28230000	      1410	800012c8	69660713	addi	x14,x12,1686	 x12:0x00000000 x14=0x00000696
       28270000	      1412	800012cc	fff4ce83	lbu	x29,-1(x9)	  x9:0x80041040 x29=0x00000696 PA:0xxxxxxxxx
       28310000	      1414	800012d0	00449c83	lh	x25,4(x9)	  x9:0x80041040 x25=0x00000000 PA:0xxxxxxxxx
       28330000	      1415	800012d4	00449303	lh	x6,4(x9)	  x9:0x80041040  x6=0x00000000 PA:0xxxxxxxxx
       28350000	      1416	800012d8	00449903	lh	x18,4(x9)	  x9:0x80041040 x18=0x00000000 PA:0xxxxxxxxx
       28370000	      1417	800012dc	0044a003	lw	x0,4(x9)	  x9:0x80041040 PA:0xxxxxxxxx
       28390000	      1418	800012e0	00b49223	sh	x11,4(x9)	  x9:0x80041040 x11:0x00000000 PA:0xxxxxxxxx
       28410000	      1419	800012e4	ff948ea3	sb	x25,-3(x9)	  x9:0x80041040 x25:0x00000000 PA:0xxxxxxxxx
       28430000	      1420	800012e8	0064cd83	lbu	x27,6(x9)	  x9:0x80041040 x27=0x00000000 PA:0xxxxxxxxx
       28450000	      1421	800012ec	0064c103	lbu	x2,6(x9)	  x9:0x80041040  x2=0x00000000 PA:0xxxxxxxxx
       28470000	      1422	800012f0	00648123	sb	x6,2(x9)	  x9:0x80041040  x6:0x00000000 PA:0xxxxxxxxx
       28490000	      1423	800012f4	00248603	lb	x12,2(x9)	  x9:0x80041040 x12=0x00000000 PA:0xxxxxxxxx
       28510000	      1424	800012f8	00249603	lh	x12,2(x9)	  x9:0x80041040 x12=0x00000000 PA:0xxxxxxxxx
       28530000	      1425	800012fc	0024df83	lhu	x31,2(x9)	  x9:0x80041040 x31=0x00000000 PA:0xxxxxxxxx
       28550000	      1426	80001300	0004b997	auipc	x19,0x4b	 x19=0x8004c300
       28570000	      1427	80001304	0fc98993	addi	x19,x19,252	 x19:0x00000000 x19=0x8004c3fc
       28590000	      1428	80001308	f9d9cd03	lbu	x26,-99(x19)	 x19:0x00000000 x26=0x00000000 PA:0xxxxxxxxx
       28610000	      1429	8000130c	150c2e13	slti	x28,x24,336	 x24:0x80055e64 x28=0x00000001
       28630000	      1430	80001310	a6699723	sh	x6,-1426(x19)	 x19:0x8004c3fc  x6:0x00000000 PA:0xxxxxxxxx
       28650000	      1431	80001314	00905813	srli	x16,x0,0x9	  x0:0x00000000 x16=0x00000000
       28690000	      1433	80001318	8f89a883	lw	x17,-1800(x19)	 x19:0x8004c3fc x17=0x00000000 PA:0xxxxxxxxx
       28730000	      1435	8000131c	d439c883	lbu	x17,-701(x19)	 x19:0x8004c3fc x17=0x00000000 PA:0xxxxxxxxx
       28750000	      1436	80001320	f8b56b13	ori	x22,x10,-117	 x10:0x00000000 x22=0xffffff8b
       28770000	      1437	80001324	58598e03	lb	x28,1413(x19)	 x19:0x8004c3fc x28=0xffffff8b PA:0xxxxxxxxx
       28790000	      1438	80001328	7f298ea3	sb	x18,2045(x19)	 x19:0x8004c3fc x18:0x00000000 PA:0xxxxxxxxx
       28810000	      1439	8000132c	b691ba93	sltiu	x21,x3,-1175	  x3:0x00000000 x21=0x00000001
       28830000	      1440	80001330	c9998ea3	sb	x25,-867(x19)	 x19:0x8004c3fc x25:0x00000000 PA:0xxxxxxxxx
       28870000	      1442	80001334	01596833	or	x16,x18,x21	 x18:0x00000000 x21:0x00000000 x16=0x00000001
       28890000	      1443	80001338	da4150b7	lui	x1,0xda415	  x1=0xda415000
       28910000	      1444	8000133c	40f883b3	sub	x7,x17,x15	 x17:0x00000000 x15:0x00000000  x7=0x00000000
       28930000	      1445	80001340	010d9533	sll	x10,x27,x16	 x27:0x00000000 x16:0x00000001 x10=0x00000000
       28950000	      1446	80001344	01ae08b3	add	x17,x28,x26	 x28:0x00000000 x26:0x00000000 x17=0x00000000
       28970000	      1447	80001348	01e13cb3	sltu	x25,x2,x30	  x2:0x00000000 x30:0x65d53494 x25=0x00000001
       28990000	      1448	8000134c	59d98f23	sb	x29,1438(x19)	 x19:0x8004c3fc x29:0x00000000 PA:0xxxxxxxxx
