		Time			Cycle	PC		Insn	Decoded instruction	Register and memory contents
         130000	         5	80000000	f14022f3	csrrs	x5,mhartid,x0	  x0:0x00000000  x5=0xffffff14
         150000	         6	80000004	00000313	addi	x6,x0,0	  x0:0x00000000  x6=0x00000000
         170000	         7	80000008	00628263	beq	x5,x6,8000000c	  x5:0x00000000  x6:0x00000000
         190000	         8	8000000c	00000a17	auipc	x20,0x0	 x20=0x8000000c
         210000	         9	80000010	00ca0a13	addi	x20,x20,12	 x20:0x00000000 x20=0x80000018
         230000	        10	80000014	000a0067	jalr	x0,x20,0	 x20:0x00000000
         330000	        15	80000018	40001937	lui	x18,0x40001	 x18=0x40001000
         350000	        16	8000001c	10090913	addi	x18,x18,256	 x18:0x00000000 x18=0x40001100
         370000	        17	80000020	30191073	csrrw	x0,misa,x18	 x18:0x00000000
         390000	        18	80000024	00049417	auipc	x8,0x49	  x8=0x80049024
         410000	        19	80000028	cc040413	addi	x8,x8,-832	  x8:0x00000000  x8=0x80048ce4
         430000	        20	8000002c	0000b917	auipc	x18,0xb	 x18=0x8000b02c
         450000	        21	80000030	2bc90913	addi	x18,x18,700	 x18:0x40001100 x18=0x8000b2e8
         470000	        22	80000034	00096913	ori	x18,x18,0	 x18:0x40001100 x18=0x8000b2e8
         490000	        23	80000038	30591073	csrrw	x0,mtvec,x18	 x18:0x8000b02c
         510000	        24	8000003c	00000917	auipc	x18,0x0	 x18=0x8000003c
         530000	        25	80000040	02890913	addi	x18,x18,40	 x18:0x8000b2e8 x18=0x80000064
         550000	        26	80000044	34191073	csrrw	x0,mepc,x18	 x18:0x8000b2e8
         570000	        27	80000048	00000013	addi	x0,x0,0	  x0:0x00000000
         590000	        28	8000004c	00002937	lui	x18,0x2	 x18=0x00002000
         610000	        29	80000050	80090913	addi	x18,x18,-2048	 x18:0x80000064 x18=0x00001800
         630000	        30	80000054	30091073	csrrw	x0,mstatus,x18	 x18:0x80000064
         650000	        31	80000058	00000913	addi	x18,x0,0	  x0:0x00000000 x18=0x00000000
         670000	        32	8000005c	30491073	csrrw	x0,mie,x18	 x18:0x00001800
         690000	        33	80000060	30200073	mret	
         710000	        34	80000064	80000037	lui	x0,0x80000	
         730000	        35	80000068	00000013	addi	x0,x0,0	  x0:0x00000000
         750000	        36	8000006c	79a0b0b7	lui	x1,0x79a0b	  x1=0x79a0b000
         770000	        37	80000070	78c08093	addi	x1,x1,1932	  x1:0x00000000  x1=0x79a0b78c
         790000	        38	80000074	00a00113	addi	x2,x0,10	  x0:0x00000000  x2=0x0000000a
         810000	        39	80000078	fa1871b7	lui	x3,0xfa187	  x3=0xfa187000
         830000	        40	8000007c	4e718193	addi	x3,x3,1255	  x3:0x00000000  x3=0xfa1874e7
         850000	        41	80000080	00000213	addi	x4,x0,0	  x0:0x00000000  x4=0x00000000
         870000	        42	80000084	30a982b7	lui	x5,0x30a98	  x5=0x30a98000
         890000	        43	80000088	b4728293	addi	x5,x5,-1209	  x5:0xffffff14  x5=0x30a97b47
         910000	        44	8000008c	00600313	addi	x6,x0,6	  x0:0x00000000  x6=0x00000006
         930000	        45	80000090	00000393	addi	x7,x0,0	  x0:0x00000000  x7=0x00000000
         950000	        46	80000094	800004b7	lui	x9,0x80000	  x9=0x80000000
         970000	        47	80000098	00b00513	addi	x10,x0,11	  x0:0x00000000 x10=0x0000000b
         990000	        48	8000009c	e3bac5b7	lui	x11,0xe3bac	 x11=0xe3bac000
        1010000	        49	800000a0	78858593	addi	x11,x11,1928	 x11:0x00000000 x11=0xe3bac788
        1030000	        50	800000a4	00000693	addi	x13,x0,0	  x0:0x00000000 x13=0x00000000
        1050000	        51	800000a8	00000713	addi	x14,x0,0	  x0:0x00000000 x14=0x00000000
        1070000	        52	800000ac	800007b7	lui	x15,0x80000	 x15=0x80000000
        1090000	        53	800000b0	6ee50837	lui	x16,0x6ee50	 x16=0x6ee50000
        1110000	        54	800000b4	52880813	addi	x16,x16,1320	 x16:0x00000000 x16=0x6ee50528
        1130000	        55	800000b8	b91168b7	lui	x17,0xb9116	 x17=0xb9116000
        1150000	        56	800000bc	63388893	addi	x17,x17,1587	 x17:0x00000000 x17=0xb9116633
        1170000	        57	800000c0	80000937	lui	x18,0x80000	 x18=0x80000000
        1190000	        58	800000c4	800009b7	lui	x19,0x80000	 x19=0x80000000
        1210000	        59	800000c8	00600a13	addi	x20,x0,6	  x0:0x00000000 x20=0x00000006
        1230000	        60	800000cc	402abab7	lui	x21,0x402ab	 x21=0x402ab000
        1250000	        61	800000d0	1c6a8a93	addi	x21,x21,454	 x21:0x00000000 x21=0x402ab1c6
        1270000	        62	800000d4	ff4e2b37	lui	x22,0xff4e2	 x22=0xff4e2000
        1290000	        63	800000d8	fbdb0b13	addi	x22,x22,-67	 x22:0x00000000 x22=0xff4e1fbd
        1310000	        64	800000dc	39c91bb7	lui	x23,0x39c91	 x23=0x39c91000
        1330000	        65	800000e0	67fb8b93	addi	x23,x23,1663	 x23:0x00000000 x23=0x39c9167f
        1350000	        66	800000e4	7e2b6c37	lui	x24,0x7e2b6	 x24=0x7e2b6000
        1370000	        67	800000e8	f81c0c13	addi	x24,x24,-127	 x24:0x00000000 x24=0x7e2b5f81
        1390000	        68	800000ec	00b00c93	addi	x25,x0,11	  x0:0x00000000 x25=0x0000000b
        1410000	        69	800000f0	80000d37	lui	x26,0x80000	 x26=0x80000000
        1430000	        70	800000f4	fcb46db7	lui	x27,0xfcb46	 x27=0xfcb46000
        1450000	        71	800000f8	179d8d93	addi	x27,x27,377	 x27:0x00000000 x27=0xfcb46179
        1470000	        72	800000fc	5280ee37	lui	x28,0x5280e	 x28=0x5280e000
        1490000	        73	80000100	0d6e0e13	addi	x28,x28,214	 x28:0x00000000 x28=0x5280e0d6
        1510000	        74	80000104	80000eb7	lui	x29,0x80000	 x29=0x80000000
        1530000	        75	80000108	f5842f37	lui	x30,0xf5842	 x30=0xf5842000
        1550000	        76	8000010c	d2ff0f13	addi	x30,x30,-721	 x30:0x00000000 x30=0xf5841d2f
        1570000	        77	80000110	00d00f93	addi	x31,x0,13	  x0:0x00000000 x31=0x0000000d
        1590000	        78	80000114	00045617	auipc	x12,0x45	 x12=0x80045114
        1610000	        79	80000118	d5060613	addi	x12,x12,-688	 x12:0x00000000 x12=0x80044e64
        1630000	        80	8000011c	fff00993	addi	x19,x0,-1	  x0:0x00000000 x19=0xffffffff
        1650000	        81	80000120	80000337	lui	x6,0x80000	  x6=0x80000000
        1670000	        82	80000124	fff00e93	addi	x29,x0,-1	  x0:0x00000000 x29=0xffffffff
        1690000	        83	80000128	afeb1837	lui	x16,0xafeb1	 x16=0xafeb1000
        1710000	        84	8000012c	05880813	addi	x16,x16,88	 x16:0x6ee50528 x16=0xafeb1058
        1730000	        85	80000130	80000c37	lui	x24,0x80000	 x24=0x80000000
        1750000	        86	80000134	00000893	addi	x17,x0,0	  x0:0x00000000 x17=0x00000000
        1770000	        87	80000138	fff00393	addi	x7,x0,-1	  x0:0x00000000  x7=0xffffffff
        1790000	        88	8000013c	25af8b37	lui	x22,0x25af8	 x22=0x25af8000
        1810000	        89	80000140	41cb0b13	addi	x22,x22,1052	 x22:0xff4e1fbd x22=0x25af841c
        1830000	        90	80000144	00000293	addi	x5,x0,0	  x0:0x00000000  x5=0x00000000
        1850000	        91	80000148	80000937	lui	x18,0x80000	 x18=0x80000000
        1870000	        92	8000014c	33728393	addi	x7,x5,823	  x5:0x30a97b47  x7=0x00000337
        1890000	        93	80000150	0252ab33	mulhsu	x22,x5,x5	  x5:0x00000000  x5:0x00000000 x22=0x00000000
        2610000	       129	80000154	0309c833	div	x16,x19,x16	 x19:0xffffffff x16:0xafeb1058 x16=0x00000000
        2630000	       130	80000158	bd02d897	auipc	x17,0xbd02d	 x17=0x3d02d158
        2650000	       131	8000015c	0313beb3	mulhu	x29,x7,x17	  x7:0x00000337 x17:0x00000000 x29=0x000000c4
        2670000	       132	80000160	03883eb3	mulhu	x29,x16,x24	 x16:0x00000000 x24:0x80000000 x29=0x00000000
